2021-12-15 10:59:33.557  INFO 15972 --- [restartedMain] io.dev.employees.EmployeesApplication    : Starting EmployeesApplication using Java 17.0.1 on DESKTOP-JAUK4AF with PID 15972 (D:\spring\dsp\untitled\employees\target\classes started by TuNguyen in D:\spring\dsp\untitled)
2021-12-15 10:59:33.558  INFO 15972 --- [restartedMain] io.dev.employees.EmployeesApplication    : No active profile set, falling back to default profiles: default
2021-12-15 10:59:33.615  INFO 15972 --- [restartedMain] .e.DevToolsPropertyDefaultsPostProcessor : Devtools property defaults active! Set 'spring.devtools.add-properties' to 'false' to disable
2021-12-15 10:59:33.616  INFO 15972 --- [restartedMain] .e.DevToolsPropertyDefaultsPostProcessor : For additional web related logging consider setting the 'logging.level.web' property to 'DEBUG'
2021-12-15 10:59:34.484  INFO 15972 --- [restartedMain] .s.d.r.c.RepositoryConfigurationDelegate : Multiple Spring Data modules found, entering strict repository configuration mode!
2021-12-15 10:59:34.485  INFO 15972 --- [restartedMain] .s.d.r.c.RepositoryConfigurationDelegate : Bootstrapping Spring Data JDBC repositories in DEFAULT mode.
2021-12-15 10:59:34.510  INFO 15972 --- [restartedMain] .RepositoryConfigurationExtensionSupport : Spring Data JDBC - Could not safely identify store assignment for repository candidate interface io.dev.employees.respository.DepartmentsRepo. If you want this repository to be a JDBC repository, consider annotating your entities with one of these annotations: org.springframework.data.relational.core.mapping.Table.
2021-12-15 10:59:34.511  INFO 15972 --- [restartedMain] .RepositoryConfigurationExtensionSupport : Spring Data JDBC - Could not safely identify store assignment for repository candidate interface io.dev.employees.respository.EmployeeRepo. If you want this repository to be a JDBC repository, consider annotating your entities with one of these annotations: org.springframework.data.relational.core.mapping.Table.
2021-12-15 10:59:34.512  INFO 15972 --- [restartedMain] .RepositoryConfigurationExtensionSupport : Spring Data JDBC - Could not safely identify store assignment for repository candidate interface io.dev.employees.respository.JobsRepo. If you want this repository to be a JDBC repository, consider annotating your entities with one of these annotations: org.springframework.data.relational.core.mapping.Table.
2021-12-15 10:59:34.513  INFO 15972 --- [restartedMain] .RepositoryConfigurationExtensionSupport : Spring Data JDBC - Could not safely identify store assignment for repository candidate interface io.dev.employees.respository.RoleRepo. If you want this repository to be a JDBC repository, consider annotating your entities with one of these annotations: org.springframework.data.relational.core.mapping.Table.
2021-12-15 10:59:34.515  INFO 15972 --- [restartedMain] .RepositoryConfigurationExtensionSupport : Spring Data JDBC - Could not safely identify store assignment for repository candidate interface io.dev.employees.respository.UserRepo. If you want this repository to be a JDBC repository, consider annotating your entities with one of these annotations: org.springframework.data.relational.core.mapping.Table.
2021-12-15 10:59:34.516  INFO 15972 --- [restartedMain] .s.d.r.c.RepositoryConfigurationDelegate : Finished Spring Data repository scanning in 26 ms. Found 0 JDBC repository interfaces.
2021-12-15 10:59:34.524  INFO 15972 --- [restartedMain] .s.d.r.c.RepositoryConfigurationDelegate : Multiple Spring Data modules found, entering strict repository configuration mode!
2021-12-15 10:59:34.524  INFO 15972 --- [restartedMain] .s.d.r.c.RepositoryConfigurationDelegate : Bootstrapping Spring Data JPA repositories in DEFAULT mode.
2021-12-15 10:59:34.561  INFO 15972 --- [restartedMain] .s.d.r.c.RepositoryConfigurationDelegate : Finished Spring Data repository scanning in 33 ms. Found 5 JPA repository interfaces.
2021-12-15 10:59:35.033  INFO 15972 --- [restartedMain] o.s.b.w.embedded.tomcat.TomcatWebServer  : Tomcat initialized with port(s): 8200 (http)
2021-12-15 10:59:35.042  INFO 15972 --- [restartedMain] o.apache.catalina.core.StandardService   : Starting service [Tomcat]
2021-12-15 10:59:35.042  INFO 15972 --- [restartedMain] org.apache.catalina.core.StandardEngine  : Starting Servlet engine: [Apache Tomcat/9.0.55]
2021-12-15 10:59:35.129  INFO 15972 --- [restartedMain] o.a.c.c.C.[Tomcat].[localhost].[/]       : Initializing Spring embedded WebApplicationContext
2021-12-15 10:59:35.129  INFO 15972 --- [restartedMain] w.s.c.ServletWebServerApplicationContext : Root WebApplicationContext: initialization completed in 1512 ms
2021-12-15 10:59:35.261  INFO 15972 --- [restartedMain] com.zaxxer.hikari.HikariDataSource       : HikariPool-1 - Starting...
2021-12-15 10:59:35.534  INFO 15972 --- [restartedMain] com.zaxxer.hikari.HikariDataSource       : HikariPool-1 - Start completed.
2021-12-15 10:59:35.576  INFO 15972 --- [restartedMain] o.hibernate.jpa.internal.util.LogHelper  : HHH000204: Processing PersistenceUnitInfo [name: default]
2021-12-15 10:59:35.616  INFO 15972 --- [restartedMain] org.hibernate.Version                    : HHH000412: Hibernate ORM core version 5.6.1.Final
2021-12-15 10:59:35.749  INFO 15972 --- [restartedMain] o.hibernate.annotations.common.Version   : HCANN000001: Hibernate Commons Annotations {5.1.2.Final}
2021-12-15 10:59:35.858  INFO 15972 --- [restartedMain] org.hibernate.dialect.Dialect            : HHH000400: Using dialect: org.hibernate.dialect.MySQLDialect
2021-12-15 10:59:36.403  INFO 15972 --- [restartedMain] o.h.e.t.j.p.i.JtaPlatformInitiator       : HHH000490: Using JtaPlatform implementation: [org.hibernate.engine.transaction.jta.platform.internal.NoJtaPlatform]
2021-12-15 10:59:36.412  INFO 15972 --- [restartedMain] j.LocalContainerEntityManagerFactoryBean : Initialized JPA EntityManagerFactory for persistence unit 'default'
2021-12-15 10:59:36.826  WARN 15972 --- [restartedMain] c.n.c.sources.URLConfigurationSource     : No URLs will be polled as dynamic configuration sources.
2021-12-15 10:59:36.827  INFO 15972 --- [restartedMain] c.n.c.sources.URLConfigurationSource     : To enable URLs as dynamic configuration sources, define System property archaius.configurationSource.additionalUrls or make config.properties available on classpath.
2021-12-15 10:59:36.830  WARN 15972 --- [restartedMain] c.n.c.sources.URLConfigurationSource     : No URLs will be polled as dynamic configuration sources.
2021-12-15 10:59:36.830  INFO 15972 --- [restartedMain] c.n.c.sources.URLConfigurationSource     : To enable URLs as dynamic configuration sources, define System property archaius.configurationSource.additionalUrls or make config.properties available on classpath.
2021-12-15 10:59:36.871  WARN 15972 --- [restartedMain] JpaBaseConfiguration$JpaWebConfiguration : spring.jpa.open-in-view is enabled by default. Therefore, database queries may be performed during view rendering. Explicitly configure spring.jpa.open-in-view to disable this warning
2021-12-15 10:59:37.235  WARN 15972 --- [restartedMain] o.s.data.convert.CustomConversions       : Registering converter from class java.time.OffsetDateTime to class org.springframework.data.jdbc.core.convert.JdbcValue as writing converter although it doesn't convert to a store-supported type! You might want to check your annotation setup at the converter implementation.
2021-12-15 10:59:37.328  WARN 15972 --- [restartedMain] o.s.b.d.a.OptionalLiveReloadServer       : Unable to start LiveReload server
2021-12-15 10:59:37.376  INFO 15972 --- [restartedMain] o.s.b.w.embedded.tomcat.TomcatWebServer  : Tomcat started on port(s): 8200 (http) with context path ''
2021-12-15 10:59:37.393  INFO 15972 --- [restartedMain] io.dev.employees.EmployeesApplication    : Started EmployeesApplication in 4.341 seconds (JVM running for 5.555)
2021-12-15 11:00:30.120  INFO 15972 --- [http-nio-8200-exec-1] o.a.c.c.C.[Tomcat].[localhost].[/]       : Initializing Spring DispatcherServlet 'dispatcherServlet'
2021-12-15 11:00:30.121  INFO 15972 --- [http-nio-8200-exec-1] o.s.web.servlet.DispatcherServlet        : Initializing Servlet 'dispatcherServlet'
2021-12-15 11:00:30.125  INFO 15972 --- [http-nio-8200-exec-1] o.s.web.servlet.DispatcherServlet        : Completed initialization in 3 ms
2021-12-15 13:03:12.895  WARN 15972 --- [HikariPool-1 housekeeper] com.zaxxer.hikari.pool.HikariPool        : HikariPool-1 - Thread starvation or clock leap detected (housekeeper delta=7m35s330ms134µs800ns).
2021-12-15 13:16:07.907  INFO 15972 --- [Thread-1] j.LocalContainerEntityManagerFactoryBean : Closing JPA EntityManagerFactory for persistence unit 'default'
2021-12-15 13:16:07.924  INFO 15972 --- [Thread-1] com.zaxxer.hikari.HikariDataSource       : HikariPool-1 - Shutdown initiated...
2021-12-15 13:16:07.931  INFO 15972 --- [Thread-1] com.zaxxer.hikari.HikariDataSource       : HikariPool-1 - Shutdown completed.
2021-12-15 13:16:08.079  INFO 15972 --- [restartedMain] io.dev.employees.EmployeesApplication    : Starting EmployeesApplication using Java 17.0.1 on DESKTOP-JAUK4AF with PID 15972 (D:\spring\dsp\untitled\employees\target\classes started by TuNguyen in D:\spring\dsp\untitled)
2021-12-15 13:16:08.079  INFO 15972 --- [restartedMain] io.dev.employees.EmployeesApplication    : No active profile set, falling back to default profiles: default
2021-12-15 13:16:08.357  INFO 15972 --- [restartedMain] .s.d.r.c.RepositoryConfigurationDelegate : Multiple Spring Data modules found, entering strict repository configuration mode!
2021-12-15 13:16:08.357  INFO 15972 --- [restartedMain] .s.d.r.c.RepositoryConfigurationDelegate : Bootstrapping Spring Data JDBC repositories in DEFAULT mode.
2021-12-15 13:16:08.366  INFO 15972 --- [restartedMain] .RepositoryConfigurationExtensionSupport : Spring Data JDBC - Could not safely identify store assignment for repository candidate interface io.dev.employees.respository.DepartmentsRepo. If you want this repository to be a JDBC repository, consider annotating your entities with one of these annotations: org.springframework.data.relational.core.mapping.Table.
2021-12-15 13:16:08.368  INFO 15972 --- [restartedMain] .RepositoryConfigurationExtensionSupport : Spring Data JDBC - Could not safely identify store assignment for repository candidate interface io.dev.employees.respository.EmployeeRepo. If you want this repository to be a JDBC repository, consider annotating your entities with one of these annotations: org.springframework.data.relational.core.mapping.Table.
2021-12-15 13:16:08.370  INFO 15972 --- [restartedMain] .RepositoryConfigurationExtensionSupport : Spring Data JDBC - Could not safely identify store assignment for repository candidate interface io.dev.employees.respository.JobsRepo. If you want this repository to be a JDBC repository, consider annotating your entities with one of these annotations: org.springframework.data.relational.core.mapping.Table.
2021-12-15 13:16:08.376  INFO 15972 --- [restartedMain] .RepositoryConfigurationExtensionSupport : Spring Data JDBC - Could not safely identify store assignment for repository candidate interface io.dev.employees.respository.RoleRepo. If you want this repository to be a JDBC repository, consider annotating your entities with one of these annotations: org.springframework.data.relational.core.mapping.Table.
2021-12-15 13:16:08.377  INFO 15972 --- [restartedMain] .RepositoryConfigurationExtensionSupport : Spring Data JDBC - Could not safely identify store assignment for repository candidate interface io.dev.employees.respository.UserRepo. If you want this repository to be a JDBC repository, consider annotating your entities with one of these annotations: org.springframework.data.relational.core.mapping.Table.
2021-12-15 13:16:08.378  INFO 15972 --- [restartedMain] .s.d.r.c.RepositoryConfigurationDelegate : Finished Spring Data repository scanning in 20 ms. Found 0 JDBC repository interfaces.
2021-12-15 13:16:08.383  INFO 15972 --- [restartedMain] .s.d.r.c.RepositoryConfigurationDelegate : Multiple Spring Data modules found, entering strict repository configuration mode!
2021-12-15 13:16:08.383  INFO 15972 --- [restartedMain] .s.d.r.c.RepositoryConfigurationDelegate : Bootstrapping Spring Data JPA repositories in DEFAULT mode.
2021-12-15 13:16:08.402  INFO 15972 --- [restartedMain] .s.d.r.c.RepositoryConfigurationDelegate : Finished Spring Data repository scanning in 18 ms. Found 5 JPA repository interfaces.
2021-12-15 13:16:09.029  INFO 15972 --- [restartedMain] o.s.b.w.embedded.tomcat.TomcatWebServer  : Tomcat initialized with port(s): 8200 (http)
2021-12-15 13:16:09.031  INFO 15972 --- [restartedMain] o.apache.catalina.core.StandardService   : Starting service [Tomcat]
2021-12-15 13:16:09.032  INFO 15972 --- [restartedMain] org.apache.catalina.core.StandardEngine  : Starting Servlet engine: [Apache Tomcat/9.0.55]
2021-12-15 13:16:09.114  INFO 15972 --- [restartedMain] o.a.c.c.C.[Tomcat].[localhost].[/]       : Initializing Spring embedded WebApplicationContext
2021-12-15 13:16:09.114  INFO 15972 --- [restartedMain] w.s.c.ServletWebServerApplicationContext : Root WebApplicationContext: initialization completed in 1032 ms
2021-12-15 13:16:09.180  INFO 15972 --- [restartedMain] com.zaxxer.hikari.HikariDataSource       : HikariPool-2 - Starting...
2021-12-15 13:16:09.208  INFO 15972 --- [restartedMain] com.zaxxer.hikari.HikariDataSource       : HikariPool-2 - Start completed.
2021-12-15 13:16:09.213  INFO 15972 --- [restartedMain] o.hibernate.jpa.internal.util.LogHelper  : HHH000204: Processing PersistenceUnitInfo [name: default]
2021-12-15 13:16:09.224  INFO 15972 --- [restartedMain] org.hibernate.dialect.Dialect            : HHH000400: Using dialect: org.hibernate.dialect.MySQLDialect
2021-12-15 13:16:09.406  INFO 15972 --- [restartedMain] o.h.e.t.j.p.i.JtaPlatformInitiator       : HHH000490: Using JtaPlatform implementation: [org.hibernate.engine.transaction.jta.platform.internal.NoJtaPlatform]
2021-12-15 13:16:09.407  INFO 15972 --- [restartedMain] j.LocalContainerEntityManagerFactoryBean : Initialized JPA EntityManagerFactory for persistence unit 'default'
2021-12-15 13:16:09.630  WARN 15972 --- [restartedMain] c.n.c.sources.URLConfigurationSource     : No URLs will be polled as dynamic configuration sources.
2021-12-15 13:16:09.630  INFO 15972 --- [restartedMain] c.n.c.sources.URLConfigurationSource     : To enable URLs as dynamic configuration sources, define System property archaius.configurationSource.additionalUrls or make config.properties available on classpath.
2021-12-15 13:16:09.647  WARN 15972 --- [restartedMain] JpaBaseConfiguration$JpaWebConfiguration : spring.jpa.open-in-view is enabled by default. Therefore, database queries may be performed during view rendering. Explicitly configure spring.jpa.open-in-view to disable this warning
2021-12-15 13:16:09.761  WARN 15972 --- [restartedMain] o.s.data.convert.CustomConversions       : Registering converter from class java.time.OffsetDateTime to class org.springframework.data.jdbc.core.convert.JdbcValue as writing converter although it doesn't convert to a store-supported type! You might want to check your annotation setup at the converter implementation.
2021-12-15 13:16:09.820  WARN 15972 --- [restartedMain] o.s.b.d.a.OptionalLiveReloadServer       : Unable to start LiveReload server
2021-12-15 13:16:09.836  INFO 15972 --- [restartedMain] o.s.b.w.embedded.tomcat.TomcatWebServer  : Tomcat started on port(s): 8200 (http) with context path ''
2021-12-15 13:16:09.841  INFO 15972 --- [restartedMain] io.dev.employees.EmployeesApplication    : Started EmployeesApplication in 1.792 seconds (JVM running for 8198.02)
2021-12-15 13:16:09.842  INFO 15972 --- [restartedMain] .ConditionEvaluationDeltaLoggingListener : Condition evaluation unchanged
2021-12-15 15:02:35.872  INFO 15972 --- [Thread-5] j.LocalContainerEntityManagerFactoryBean : Closing JPA EntityManagerFactory for persistence unit 'default'
2021-12-15 15:02:35.884  INFO 15972 --- [Thread-5] com.zaxxer.hikari.HikariDataSource       : HikariPool-2 - Shutdown initiated...
2021-12-15 15:02:35.894  INFO 15972 --- [Thread-5] com.zaxxer.hikari.HikariDataSource       : HikariPool-2 - Shutdown completed.
2021-12-15 15:02:36.112  INFO 15972 --- [restartedMain] io.dev.employees.EmployeesApplication    : Starting EmployeesApplication using Java 17.0.1 on DESKTOP-JAUK4AF with PID 15972 (D:\spring\dsp\untitled\employees\target\classes started by TuNguyen in D:\spring\dsp\untitled)
2021-12-15 15:02:36.113  INFO 15972 --- [restartedMain] io.dev.employees.EmployeesApplication    : No active profile set, falling back to default profiles: default
2021-12-15 15:02:36.498  INFO 15972 --- [restartedMain] .s.d.r.c.RepositoryConfigurationDelegate : Multiple Spring Data modules found, entering strict repository configuration mode!
2021-12-15 15:02:36.498  INFO 15972 --- [restartedMain] .s.d.r.c.RepositoryConfigurationDelegate : Bootstrapping Spring Data JDBC repositories in DEFAULT mode.
2021-12-15 15:02:36.513  INFO 15972 --- [restartedMain] .RepositoryConfigurationExtensionSupport : Spring Data JDBC - Could not safely identify store assignment for repository candidate interface io.dev.employees.respository.DepartmentsRepo. If you want this repository to be a JDBC repository, consider annotating your entities with one of these annotations: org.springframework.data.relational.core.mapping.Table.
2021-12-15 15:02:36.516  INFO 15972 --- [restartedMain] .RepositoryConfigurationExtensionSupport : Spring Data JDBC - Could not safely identify store assignment for repository candidate interface io.dev.employees.respository.EmployeeRepo. If you want this repository to be a JDBC repository, consider annotating your entities with one of these annotations: org.springframework.data.relational.core.mapping.Table.
2021-12-15 15:02:36.517  INFO 15972 --- [restartedMain] .RepositoryConfigurationExtensionSupport : Spring Data JDBC - Could not safely identify store assignment for repository candidate interface io.dev.employees.respository.JobsRepo. If you want this repository to be a JDBC repository, consider annotating your entities with one of these annotations: org.springframework.data.relational.core.mapping.Table.
2021-12-15 15:02:36.518  INFO 15972 --- [restartedMain] .RepositoryConfigurationExtensionSupport : Spring Data JDBC - Could not safely identify store assignment for repository candidate interface io.dev.employees.respository.RoleRepo. If you want this repository to be a JDBC repository, consider annotating your entities with one of these annotations: org.springframework.data.relational.core.mapping.Table.
2021-12-15 15:02:36.521  INFO 15972 --- [restartedMain] .RepositoryConfigurationExtensionSupport : Spring Data JDBC - Could not safely identify store assignment for repository candidate interface io.dev.employees.respository.UserRepo. If you want this repository to be a JDBC repository, consider annotating your entities with one of these annotations: org.springframework.data.relational.core.mapping.Table.
2021-12-15 15:02:36.521  INFO 15972 --- [restartedMain] .s.d.r.c.RepositoryConfigurationDelegate : Finished Spring Data repository scanning in 22 ms. Found 0 JDBC repository interfaces.
2021-12-15 15:02:36.526  INFO 15972 --- [restartedMain] .s.d.r.c.RepositoryConfigurationDelegate : Multiple Spring Data modules found, entering strict repository configuration mode!
2021-12-15 15:02:36.526  INFO 15972 --- [restartedMain] .s.d.r.c.RepositoryConfigurationDelegate : Bootstrapping Spring Data JPA repositories in DEFAULT mode.
2021-12-15 15:02:36.541  INFO 15972 --- [restartedMain] .s.d.r.c.RepositoryConfigurationDelegate : Finished Spring Data repository scanning in 15 ms. Found 5 JPA repository interfaces.
2021-12-15 15:02:37.028  INFO 15972 --- [restartedMain] o.s.b.w.embedded.tomcat.TomcatWebServer  : Tomcat initialized with port(s): 8200 (http)
2021-12-15 15:02:37.029  INFO 15972 --- [restartedMain] o.apache.catalina.core.StandardService   : Starting service [Tomcat]
2021-12-15 15:02:37.029  INFO 15972 --- [restartedMain] org.apache.catalina.core.StandardEngine  : Starting Servlet engine: [Apache Tomcat/9.0.55]
2021-12-15 15:02:37.402  INFO 15972 --- [restartedMain] o.a.c.c.C.[Tomcat].[localhost].[/]       : Initializing Spring embedded WebApplicationContext
2021-12-15 15:02:37.402  INFO 15972 --- [restartedMain] w.s.c.ServletWebServerApplicationContext : Root WebApplicationContext: initialization completed in 1286 ms
2021-12-15 15:02:37.478  INFO 15972 --- [restartedMain] com.zaxxer.hikari.HikariDataSource       : HikariPool-3 - Starting...
2021-12-15 15:02:37.795  INFO 15972 --- [restartedMain] com.zaxxer.hikari.HikariDataSource       : HikariPool-3 - Start completed.
2021-12-15 15:02:37.799  INFO 15972 --- [restartedMain] o.hibernate.jpa.internal.util.LogHelper  : HHH000204: Processing PersistenceUnitInfo [name: default]
2021-12-15 15:02:37.806  INFO 15972 --- [restartedMain] org.hibernate.dialect.Dialect            : HHH000400: Using dialect: org.hibernate.dialect.MySQLDialect
2021-12-15 15:02:37.897  INFO 15972 --- [restartedMain] o.h.e.t.j.p.i.JtaPlatformInitiator       : HHH000490: Using JtaPlatform implementation: [org.hibernate.engine.transaction.jta.platform.internal.NoJtaPlatform]
2021-12-15 15:02:37.898  INFO 15972 --- [restartedMain] j.LocalContainerEntityManagerFactoryBean : Initialized JPA EntityManagerFactory for persistence unit 'default'
2021-12-15 15:02:38.090  WARN 15972 --- [restartedMain] c.n.c.sources.URLConfigurationSource     : No URLs will be polled as dynamic configuration sources.
2021-12-15 15:02:38.091  INFO 15972 --- [restartedMain] c.n.c.sources.URLConfigurationSource     : To enable URLs as dynamic configuration sources, define System property archaius.configurationSource.additionalUrls or make config.properties available on classpath.
2021-12-15 15:02:38.142  WARN 15972 --- [restartedMain] JpaBaseConfiguration$JpaWebConfiguration : spring.jpa.open-in-view is enabled by default. Therefore, database queries may be performed during view rendering. Explicitly configure spring.jpa.open-in-view to disable this warning
2021-12-15 15:02:38.368  WARN 15972 --- [restartedMain] o.s.data.convert.CustomConversions       : Registering converter from class java.time.OffsetDateTime to class org.springframework.data.jdbc.core.convert.JdbcValue as writing converter although it doesn't convert to a store-supported type! You might want to check your annotation setup at the converter implementation.
2021-12-15 15:02:38.566  INFO 15972 --- [restartedMain] o.s.b.d.a.OptionalLiveReloadServer       : LiveReload server is running on port 35729
2021-12-15 15:02:38.631  INFO 15972 --- [restartedMain] o.s.b.w.embedded.tomcat.TomcatWebServer  : Tomcat started on port(s): 8200 (http) with context path ''
2021-12-15 15:02:38.658  INFO 15972 --- [restartedMain] io.dev.employees.EmployeesApplication    : Started EmployeesApplication in 2.601 seconds (JVM running for 14586.838)
2021-12-15 15:02:38.660  INFO 15972 --- [restartedMain] .ConditionEvaluationDeltaLoggingListener : Condition evaluation unchanged
2021-12-15 15:02:42.034  INFO 15972 --- [Thread-13] j.LocalContainerEntityManagerFactoryBean : Closing JPA EntityManagerFactory for persistence unit 'default'
2021-12-15 15:02:42.035  INFO 15972 --- [Thread-13] com.zaxxer.hikari.HikariDataSource       : HikariPool-3 - Shutdown initiated...
2021-12-15 15:02:42.060  INFO 15972 --- [Thread-13] com.zaxxer.hikari.HikariDataSource       : HikariPool-3 - Shutdown completed.
2021-12-15 15:02:42.202  INFO 15972 --- [restartedMain] io.dev.employees.EmployeesApplication    : Starting EmployeesApplication using Java 17.0.1 on DESKTOP-JAUK4AF with PID 15972 (D:\spring\dsp\untitled\employees\target\classes started by TuNguyen in D:\spring\dsp\untitled)
2021-12-15 15:02:42.203  INFO 15972 --- [restartedMain] io.dev.employees.EmployeesApplication    : No active profile set, falling back to default profiles: default
2021-12-15 15:02:42.749  INFO 15972 --- [restartedMain] .s.d.r.c.RepositoryConfigurationDelegate : Multiple Spring Data modules found, entering strict repository configuration mode!
2021-12-15 15:02:42.749  INFO 15972 --- [restartedMain] .s.d.r.c.RepositoryConfigurationDelegate : Bootstrapping Spring Data JDBC repositories in DEFAULT mode.
2021-12-15 15:02:42.758  INFO 15972 --- [restartedMain] .RepositoryConfigurationExtensionSupport : Spring Data JDBC - Could not safely identify store assignment for repository candidate interface io.dev.employees.respository.DepartmentsRepo. If you want this repository to be a JDBC repository, consider annotating your entities with one of these annotations: org.springframework.data.relational.core.mapping.Table.
2021-12-15 15:02:42.759  INFO 15972 --- [restartedMain] .RepositoryConfigurationExtensionSupport : Spring Data JDBC - Could not safely identify store assignment for repository candidate interface io.dev.employees.respository.EmployeeRepo. If you want this repository to be a JDBC repository, consider annotating your entities with one of these annotations: org.springframework.data.relational.core.mapping.Table.
2021-12-15 15:02:42.761  INFO 15972 --- [restartedMain] .RepositoryConfigurationExtensionSupport : Spring Data JDBC - Could not safely identify store assignment for repository candidate interface io.dev.employees.respository.JobsRepo. If you want this repository to be a JDBC repository, consider annotating your entities with one of these annotations: org.springframework.data.relational.core.mapping.Table.
2021-12-15 15:02:42.761  INFO 15972 --- [restartedMain] .RepositoryConfigurationExtensionSupport : Spring Data JDBC - Could not safely identify store assignment for repository candidate interface io.dev.employees.respository.RoleRepo. If you want this repository to be a JDBC repository, consider annotating your entities with one of these annotations: org.springframework.data.relational.core.mapping.Table.
2021-12-15 15:02:42.762  INFO 15972 --- [restartedMain] .RepositoryConfigurationExtensionSupport : Spring Data JDBC - Could not safely identify store assignment for repository candidate interface io.dev.employees.respository.UserRepo. If you want this repository to be a JDBC repository, consider annotating your entities with one of these annotations: org.springframework.data.relational.core.mapping.Table.
2021-12-15 15:02:42.762  INFO 15972 --- [restartedMain] .s.d.r.c.RepositoryConfigurationDelegate : Finished Spring Data repository scanning in 13 ms. Found 0 JDBC repository interfaces.
2021-12-15 15:02:42.765  INFO 15972 --- [restartedMain] .s.d.r.c.RepositoryConfigurationDelegate : Multiple Spring Data modules found, entering strict repository configuration mode!
2021-12-15 15:02:42.765  INFO 15972 --- [restartedMain] .s.d.r.c.RepositoryConfigurationDelegate : Bootstrapping Spring Data JPA repositories in DEFAULT mode.
2021-12-15 15:02:42.781  INFO 15972 --- [restartedMain] .s.d.r.c.RepositoryConfigurationDelegate : Finished Spring Data repository scanning in 15 ms. Found 5 JPA repository interfaces.
2021-12-15 15:02:42.946  INFO 15972 --- [restartedMain] o.s.b.w.embedded.tomcat.TomcatWebServer  : Tomcat initialized with port(s): 8200 (http)
2021-12-15 15:02:42.949  INFO 15972 --- [restartedMain] o.apache.catalina.core.StandardService   : Starting service [Tomcat]
2021-12-15 15:02:42.949  INFO 15972 --- [restartedMain] org.apache.catalina.core.StandardEngine  : Starting Servlet engine: [Apache Tomcat/9.0.55]
2021-12-15 15:02:42.994  INFO 15972 --- [restartedMain] o.a.c.c.C.[Tomcat].[localhost].[/]       : Initializing Spring embedded WebApplicationContext
2021-12-15 15:02:42.998  INFO 15972 --- [restartedMain] w.s.c.ServletWebServerApplicationContext : Root WebApplicationContext: initialization completed in 791 ms
2021-12-15 15:02:43.075  INFO 15972 --- [restartedMain] com.zaxxer.hikari.HikariDataSource       : HikariPool-4 - Starting...
2021-12-15 15:02:43.099  INFO 15972 --- [restartedMain] com.zaxxer.hikari.HikariDataSource       : HikariPool-4 - Start completed.
2021-12-15 15:02:43.104  INFO 15972 --- [restartedMain] o.hibernate.jpa.internal.util.LogHelper  : HHH000204: Processing PersistenceUnitInfo [name: default]
2021-12-15 15:02:43.110  INFO 15972 --- [restartedMain] org.hibernate.dialect.Dialect            : HHH000400: Using dialect: org.hibernate.dialect.MySQLDialect
2021-12-15 15:02:43.194  INFO 15972 --- [restartedMain] o.h.e.t.j.p.i.JtaPlatformInitiator       : HHH000490: Using JtaPlatform implementation: [org.hibernate.engine.transaction.jta.platform.internal.NoJtaPlatform]
2021-12-15 15:02:43.194  INFO 15972 --- [restartedMain] j.LocalContainerEntityManagerFactoryBean : Initialized JPA EntityManagerFactory for persistence unit 'default'
2021-12-15 15:02:43.349  WARN 15972 --- [restartedMain] c.n.c.sources.URLConfigurationSource     : No URLs will be polled as dynamic configuration sources.
2021-12-15 15:02:43.349  INFO 15972 --- [restartedMain] c.n.c.sources.URLConfigurationSource     : To enable URLs as dynamic configuration sources, define System property archaius.configurationSource.additionalUrls or make config.properties available on classpath.
2021-12-15 15:02:43.362  WARN 15972 --- [restartedMain] JpaBaseConfiguration$JpaWebConfiguration : spring.jpa.open-in-view is enabled by default. Therefore, database queries may be performed during view rendering. Explicitly configure spring.jpa.open-in-view to disable this warning
2021-12-15 15:02:43.434  WARN 15972 --- [restartedMain] o.s.data.convert.CustomConversions       : Registering converter from class java.time.OffsetDateTime to class org.springframework.data.jdbc.core.convert.JdbcValue as writing converter although it doesn't convert to a store-supported type! You might want to check your annotation setup at the converter implementation.
2021-12-15 15:02:43.516  INFO 15972 --- [restartedMain] o.s.b.d.a.OptionalLiveReloadServer       : LiveReload server is running on port 35729
2021-12-15 15:02:43.533  INFO 15972 --- [restartedMain] o.s.b.w.embedded.tomcat.TomcatWebServer  : Tomcat started on port(s): 8200 (http) with context path ''
2021-12-15 15:02:43.539  INFO 15972 --- [restartedMain] io.dev.employees.EmployeesApplication    : Started EmployeesApplication in 1.384 seconds (JVM running for 14591.719)
2021-12-15 15:02:43.543  INFO 15972 --- [restartedMain] .ConditionEvaluationDeltaLoggingListener : Condition evaluation unchanged
2021-12-15 15:16:09.504  INFO 15972 --- [http-nio-8200-exec-1] o.a.c.c.C.[Tomcat].[localhost].[/]       : Initializing Spring DispatcherServlet 'dispatcherServlet'
2021-12-15 15:16:09.505  INFO 15972 --- [http-nio-8200-exec-1] o.s.web.servlet.DispatcherServlet        : Initializing Servlet 'dispatcherServlet'
2021-12-15 15:16:09.507  INFO 15972 --- [http-nio-8200-exec-1] o.s.web.servlet.DispatcherServlet        : Completed initialization in 2 ms
2021-12-15 15:18:08.355  INFO 15972 --- [Thread-15] j.LocalContainerEntityManagerFactoryBean : Closing JPA EntityManagerFactory for persistence unit 'default'
2021-12-15 15:18:08.357  INFO 15972 --- [Thread-15] com.zaxxer.hikari.HikariDataSource       : HikariPool-4 - Shutdown initiated...
2021-12-15 15:18:08.363  INFO 15972 --- [Thread-15] com.zaxxer.hikari.HikariDataSource       : HikariPool-4 - Shutdown completed.
2021-12-15 15:18:08.522  INFO 15972 --- [restartedMain] io.dev.employees.EmployeesApplication    : Starting EmployeesApplication using Java 17.0.1 on DESKTOP-JAUK4AF with PID 15972 (D:\spring\dsp\untitled\employees\target\classes started by TuNguyen in D:\spring\dsp\untitled)
2021-12-15 15:18:08.522  INFO 15972 --- [restartedMain] io.dev.employees.EmployeesApplication    : No active profile set, falling back to default profiles: default
2021-12-15 15:18:08.766  INFO 15972 --- [restartedMain] .s.d.r.c.RepositoryConfigurationDelegate : Multiple Spring Data modules found, entering strict repository configuration mode!
2021-12-15 15:18:08.766  INFO 15972 --- [restartedMain] .s.d.r.c.RepositoryConfigurationDelegate : Bootstrapping Spring Data JDBC repositories in DEFAULT mode.
2021-12-15 15:18:08.776  INFO 15972 --- [restartedMain] .RepositoryConfigurationExtensionSupport : Spring Data JDBC - Could not safely identify store assignment for repository candidate interface io.dev.employees.respository.DepartmentsRepo. If you want this repository to be a JDBC repository, consider annotating your entities with one of these annotations: org.springframework.data.relational.core.mapping.Table.
2021-12-15 15:18:08.779  INFO 15972 --- [restartedMain] .RepositoryConfigurationExtensionSupport : Spring Data JDBC - Could not safely identify store assignment for repository candidate interface io.dev.employees.respository.EmployeeRepo. If you want this repository to be a JDBC repository, consider annotating your entities with one of these annotations: org.springframework.data.relational.core.mapping.Table.
2021-12-15 15:18:08.780  INFO 15972 --- [restartedMain] .RepositoryConfigurationExtensionSupport : Spring Data JDBC - Could not safely identify store assignment for repository candidate interface io.dev.employees.respository.JobsRepo. If you want this repository to be a JDBC repository, consider annotating your entities with one of these annotations: org.springframework.data.relational.core.mapping.Table.
2021-12-15 15:18:08.780  INFO 15972 --- [restartedMain] .RepositoryConfigurationExtensionSupport : Spring Data JDBC - Could not safely identify store assignment for repository candidate interface io.dev.employees.respository.RoleRepo. If you want this repository to be a JDBC repository, consider annotating your entities with one of these annotations: org.springframework.data.relational.core.mapping.Table.
2021-12-15 15:18:08.781  INFO 15972 --- [restartedMain] .RepositoryConfigurationExtensionSupport : Spring Data JDBC - Could not safely identify store assignment for repository candidate interface io.dev.employees.respository.UserRepo. If you want this repository to be a JDBC repository, consider annotating your entities with one of these annotations: org.springframework.data.relational.core.mapping.Table.
2021-12-15 15:18:08.781  INFO 15972 --- [restartedMain] .s.d.r.c.RepositoryConfigurationDelegate : Finished Spring Data repository scanning in 15 ms. Found 0 JDBC repository interfaces.
2021-12-15 15:18:08.784  INFO 15972 --- [restartedMain] .s.d.r.c.RepositoryConfigurationDelegate : Multiple Spring Data modules found, entering strict repository configuration mode!
2021-12-15 15:18:08.784  INFO 15972 --- [restartedMain] .s.d.r.c.RepositoryConfigurationDelegate : Bootstrapping Spring Data JPA repositories in DEFAULT mode.
2021-12-15 15:18:08.800  INFO 15972 --- [restartedMain] .s.d.r.c.RepositoryConfigurationDelegate : Finished Spring Data repository scanning in 15 ms. Found 5 JPA repository interfaces.
2021-12-15 15:18:08.915  INFO 15972 --- [restartedMain] o.s.b.w.embedded.tomcat.TomcatWebServer  : Tomcat initialized with port(s): 8200 (http)
2021-12-15 15:18:08.915  INFO 15972 --- [restartedMain] o.apache.catalina.core.StandardService   : Starting service [Tomcat]
2021-12-15 15:18:08.916  INFO 15972 --- [restartedMain] org.apache.catalina.core.StandardEngine  : Starting Servlet engine: [Apache Tomcat/9.0.55]
2021-12-15 15:18:08.939  INFO 15972 --- [restartedMain] o.a.c.c.C.[Tomcat].[localhost].[/]       : Initializing Spring embedded WebApplicationContext
2021-12-15 15:18:08.939  INFO 15972 --- [restartedMain] w.s.c.ServletWebServerApplicationContext : Root WebApplicationContext: initialization completed in 410 ms
2021-12-15 15:18:08.976  INFO 15972 --- [restartedMain] com.zaxxer.hikari.HikariDataSource       : HikariPool-5 - Starting...
2021-12-15 15:18:09.003  INFO 15972 --- [restartedMain] com.zaxxer.hikari.HikariDataSource       : HikariPool-5 - Start completed.
2021-12-15 15:18:09.009  INFO 15972 --- [restartedMain] o.hibernate.jpa.internal.util.LogHelper  : HHH000204: Processing PersistenceUnitInfo [name: default]
2021-12-15 15:18:09.014  INFO 15972 --- [restartedMain] org.hibernate.dialect.Dialect            : HHH000400: Using dialect: org.hibernate.dialect.MySQLDialect
2021-12-15 15:18:09.098  INFO 15972 --- [restartedMain] o.h.e.t.j.p.i.JtaPlatformInitiator       : HHH000490: Using JtaPlatform implementation: [org.hibernate.engine.transaction.jta.platform.internal.NoJtaPlatform]
2021-12-15 15:18:09.099  INFO 15972 --- [restartedMain] j.LocalContainerEntityManagerFactoryBean : Initialized JPA EntityManagerFactory for persistence unit 'default'
2021-12-15 15:18:09.375  WARN 15972 --- [restartedMain] c.n.c.sources.URLConfigurationSource     : No URLs will be polled as dynamic configuration sources.
2021-12-15 15:18:09.375  INFO 15972 --- [restartedMain] c.n.c.sources.URLConfigurationSource     : To enable URLs as dynamic configuration sources, define System property archaius.configurationSource.additionalUrls or make config.properties available on classpath.
2021-12-15 15:18:09.406  WARN 15972 --- [restartedMain] JpaBaseConfiguration$JpaWebConfiguration : spring.jpa.open-in-view is enabled by default. Therefore, database queries may be performed during view rendering. Explicitly configure spring.jpa.open-in-view to disable this warning
2021-12-15 15:18:09.517  WARN 15972 --- [restartedMain] o.s.data.convert.CustomConversions       : Registering converter from class java.time.OffsetDateTime to class org.springframework.data.jdbc.core.convert.JdbcValue as writing converter although it doesn't convert to a store-supported type! You might want to check your annotation setup at the converter implementation.
2021-12-15 15:18:09.581  INFO 15972 --- [restartedMain] o.s.b.d.a.OptionalLiveReloadServer       : LiveReload server is running on port 35729
2021-12-15 15:18:09.593  INFO 15972 --- [restartedMain] o.s.b.w.embedded.tomcat.TomcatWebServer  : Tomcat started on port(s): 8200 (http) with context path ''
2021-12-15 15:18:09.597  INFO 15972 --- [restartedMain] io.dev.employees.EmployeesApplication    : Started EmployeesApplication in 1.114 seconds (JVM running for 15517.777)
2021-12-15 15:18:09.598  INFO 15972 --- [restartedMain] .ConditionEvaluationDeltaLoggingListener : Condition evaluation unchanged
2021-12-15 15:18:22.255  INFO 15972 --- [Thread-19] j.LocalContainerEntityManagerFactoryBean : Closing JPA EntityManagerFactory for persistence unit 'default'
2021-12-15 15:18:22.256  INFO 15972 --- [Thread-19] com.zaxxer.hikari.HikariDataSource       : HikariPool-5 - Shutdown initiated...
2021-12-15 15:18:22.262  INFO 15972 --- [Thread-19] com.zaxxer.hikari.HikariDataSource       : HikariPool-5 - Shutdown completed.
2021-12-15 15:18:22.365  INFO 15972 --- [restartedMain] io.dev.employees.EmployeesApplication    : Starting EmployeesApplication using Java 17.0.1 on DESKTOP-JAUK4AF with PID 15972 (D:\spring\dsp\untitled\employees\target\classes started by TuNguyen in D:\spring\dsp\untitled)
2021-12-15 15:18:22.365  INFO 15972 --- [restartedMain] io.dev.employees.EmployeesApplication    : No active profile set, falling back to default profiles: default
2021-12-15 15:18:22.810  INFO 15972 --- [restartedMain] .s.d.r.c.RepositoryConfigurationDelegate : Multiple Spring Data modules found, entering strict repository configuration mode!
2021-12-15 15:18:22.810  INFO 15972 --- [restartedMain] .s.d.r.c.RepositoryConfigurationDelegate : Bootstrapping Spring Data JDBC repositories in DEFAULT mode.
2021-12-15 15:18:22.828  INFO 15972 --- [restartedMain] .RepositoryConfigurationExtensionSupport : Spring Data JDBC - Could not safely identify store assignment for repository candidate interface io.dev.employees.respository.DepartmentsRepo. If you want this repository to be a JDBC repository, consider annotating your entities with one of these annotations: org.springframework.data.relational.core.mapping.Table.
2021-12-15 15:18:22.829  INFO 15972 --- [restartedMain] .RepositoryConfigurationExtensionSupport : Spring Data JDBC - Could not safely identify store assignment for repository candidate interface io.dev.employees.respository.EmployeeRepo. If you want this repository to be a JDBC repository, consider annotating your entities with one of these annotations: org.springframework.data.relational.core.mapping.Table.
2021-12-15 15:18:22.830  INFO 15972 --- [restartedMain] .RepositoryConfigurationExtensionSupport : Spring Data JDBC - Could not safely identify store assignment for repository candidate interface io.dev.employees.respository.JobsRepo. If you want this repository to be a JDBC repository, consider annotating your entities with one of these annotations: org.springframework.data.relational.core.mapping.Table.
2021-12-15 15:18:22.832  INFO 15972 --- [restartedMain] .RepositoryConfigurationExtensionSupport : Spring Data JDBC - Could not safely identify store assignment for repository candidate interface io.dev.employees.respository.RoleRepo. If you want this repository to be a JDBC repository, consider annotating your entities with one of these annotations: org.springframework.data.relational.core.mapping.Table.
2021-12-15 15:18:22.834  INFO 15972 --- [restartedMain] .RepositoryConfigurationExtensionSupport : Spring Data JDBC - Could not safely identify store assignment for repository candidate interface io.dev.employees.respository.UserRepo. If you want this repository to be a JDBC repository, consider annotating your entities with one of these annotations: org.springframework.data.relational.core.mapping.Table.
2021-12-15 15:18:22.834  INFO 15972 --- [restartedMain] .s.d.r.c.RepositoryConfigurationDelegate : Finished Spring Data repository scanning in 23 ms. Found 0 JDBC repository interfaces.
2021-12-15 15:18:22.837  INFO 15972 --- [restartedMain] .s.d.r.c.RepositoryConfigurationDelegate : Multiple Spring Data modules found, entering strict repository configuration mode!
2021-12-15 15:18:22.837  INFO 15972 --- [restartedMain] .s.d.r.c.RepositoryConfigurationDelegate : Bootstrapping Spring Data JPA repositories in DEFAULT mode.
2021-12-15 15:18:22.859  INFO 15972 --- [restartedMain] .s.d.r.c.RepositoryConfigurationDelegate : Finished Spring Data repository scanning in 22 ms. Found 5 JPA repository interfaces.
2021-12-15 15:18:22.967  INFO 15972 --- [restartedMain] o.s.b.w.embedded.tomcat.TomcatWebServer  : Tomcat initialized with port(s): 8200 (http)
2021-12-15 15:18:22.967  INFO 15972 --- [restartedMain] o.apache.catalina.core.StandardService   : Starting service [Tomcat]
2021-12-15 15:18:22.967  INFO 15972 --- [restartedMain] org.apache.catalina.core.StandardEngine  : Starting Servlet engine: [Apache Tomcat/9.0.55]
2021-12-15 15:18:22.997  INFO 15972 --- [restartedMain] o.a.c.c.C.[Tomcat].[localhost].[/]       : Initializing Spring embedded WebApplicationContext
2021-12-15 15:18:22.998  INFO 15972 --- [restartedMain] w.s.c.ServletWebServerApplicationContext : Root WebApplicationContext: initialization completed in 630 ms
2021-12-15 15:18:23.021  INFO 15972 --- [restartedMain] com.zaxxer.hikari.HikariDataSource       : HikariPool-6 - Starting...
2021-12-15 15:18:23.045  INFO 15972 --- [restartedMain] com.zaxxer.hikari.HikariDataSource       : HikariPool-6 - Start completed.
2021-12-15 15:18:23.050  INFO 15972 --- [restartedMain] o.hibernate.jpa.internal.util.LogHelper  : HHH000204: Processing PersistenceUnitInfo [name: default]
2021-12-15 15:18:23.055  INFO 15972 --- [restartedMain] org.hibernate.dialect.Dialect            : HHH000400: Using dialect: org.hibernate.dialect.MySQLDialect
2021-12-15 15:18:23.111  INFO 15972 --- [restartedMain] o.h.e.t.j.p.i.JtaPlatformInitiator       : HHH000490: Using JtaPlatform implementation: [org.hibernate.engine.transaction.jta.platform.internal.NoJtaPlatform]
2021-12-15 15:18:23.111  INFO 15972 --- [restartedMain] j.LocalContainerEntityManagerFactoryBean : Initialized JPA EntityManagerFactory for persistence unit 'default'
2021-12-15 15:18:23.197  WARN 15972 --- [restartedMain] c.n.c.sources.URLConfigurationSource     : No URLs will be polled as dynamic configuration sources.
2021-12-15 15:18:23.197  INFO 15972 --- [restartedMain] c.n.c.sources.URLConfigurationSource     : To enable URLs as dynamic configuration sources, define System property archaius.configurationSource.additionalUrls or make config.properties available on classpath.
2021-12-15 15:18:23.206  WARN 15972 --- [restartedMain] JpaBaseConfiguration$JpaWebConfiguration : spring.jpa.open-in-view is enabled by default. Therefore, database queries may be performed during view rendering. Explicitly configure spring.jpa.open-in-view to disable this warning
2021-12-15 15:18:23.276  WARN 15972 --- [restartedMain] o.s.data.convert.CustomConversions       : Registering converter from class java.time.OffsetDateTime to class org.springframework.data.jdbc.core.convert.JdbcValue as writing converter although it doesn't convert to a store-supported type! You might want to check your annotation setup at the converter implementation.
2021-12-15 15:18:23.418  INFO 15972 --- [restartedMain] o.s.b.d.a.OptionalLiveReloadServer       : LiveReload server is running on port 35729
2021-12-15 15:18:23.429  INFO 15972 --- [restartedMain] o.s.b.w.embedded.tomcat.TomcatWebServer  : Tomcat started on port(s): 8200 (http) with context path ''
2021-12-15 15:18:23.432  INFO 15972 --- [restartedMain] io.dev.employees.EmployeesApplication    : Started EmployeesApplication in 1.106 seconds (JVM running for 15531.613)
2021-12-15 15:18:23.433  INFO 15972 --- [restartedMain] .ConditionEvaluationDeltaLoggingListener : Condition evaluation unchanged
2021-12-15 15:18:24.929  INFO 15972 --- [Thread-23] j.LocalContainerEntityManagerFactoryBean : Closing JPA EntityManagerFactory for persistence unit 'default'
2021-12-15 15:18:24.930  INFO 15972 --- [Thread-23] com.zaxxer.hikari.HikariDataSource       : HikariPool-6 - Shutdown initiated...
2021-12-15 15:18:24.953  INFO 15972 --- [Thread-23] com.zaxxer.hikari.HikariDataSource       : HikariPool-6 - Shutdown completed.
2021-12-15 15:18:25.058  INFO 15972 --- [restartedMain] io.dev.employees.EmployeesApplication    : Starting EmployeesApplication using Java 17.0.1 on DESKTOP-JAUK4AF with PID 15972 (D:\spring\dsp\untitled\employees\target\classes started by TuNguyen in D:\spring\dsp\untitled)
2021-12-15 15:18:25.058  INFO 15972 --- [restartedMain] io.dev.employees.EmployeesApplication    : No active profile set, falling back to default profiles: default
2021-12-15 15:18:25.482  INFO 15972 --- [restartedMain] .s.d.r.c.RepositoryConfigurationDelegate : Multiple Spring Data modules found, entering strict repository configuration mode!
2021-12-15 15:18:25.482  INFO 15972 --- [restartedMain] .s.d.r.c.RepositoryConfigurationDelegate : Bootstrapping Spring Data JDBC repositories in DEFAULT mode.
2021-12-15 15:18:25.497  INFO 15972 --- [restartedMain] .RepositoryConfigurationExtensionSupport : Spring Data JDBC - Could not safely identify store assignment for repository candidate interface io.dev.employees.respository.DepartmentsRepo. If you want this repository to be a JDBC repository, consider annotating your entities with one of these annotations: org.springframework.data.relational.core.mapping.Table.
2021-12-15 15:18:25.499  INFO 15972 --- [restartedMain] .RepositoryConfigurationExtensionSupport : Spring Data JDBC - Could not safely identify store assignment for repository candidate interface io.dev.employees.respository.EmployeeRepo. If you want this repository to be a JDBC repository, consider annotating your entities with one of these annotations: org.springframework.data.relational.core.mapping.Table.
2021-12-15 15:18:25.500  INFO 15972 --- [restartedMain] .RepositoryConfigurationExtensionSupport : Spring Data JDBC - Could not safely identify store assignment for repository candidate interface io.dev.employees.respository.JobsRepo. If you want this repository to be a JDBC repository, consider annotating your entities with one of these annotations: org.springframework.data.relational.core.mapping.Table.
2021-12-15 15:18:25.502  INFO 15972 --- [restartedMain] .RepositoryConfigurationExtensionSupport : Spring Data JDBC - Could not safely identify store assignment for repository candidate interface io.dev.employees.respository.RoleRepo. If you want this repository to be a JDBC repository, consider annotating your entities with one of these annotations: org.springframework.data.relational.core.mapping.Table.
2021-12-15 15:18:25.503  INFO 15972 --- [restartedMain] .RepositoryConfigurationExtensionSupport : Spring Data JDBC - Could not safely identify store assignment for repository candidate interface io.dev.employees.respository.UserRepo. If you want this repository to be a JDBC repository, consider annotating your entities with one of these annotations: org.springframework.data.relational.core.mapping.Table.
2021-12-15 15:18:25.504  INFO 15972 --- [restartedMain] .s.d.r.c.RepositoryConfigurationDelegate : Finished Spring Data repository scanning in 21 ms. Found 0 JDBC repository interfaces.
2021-12-15 15:18:25.512  INFO 15972 --- [restartedMain] .s.d.r.c.RepositoryConfigurationDelegate : Multiple Spring Data modules found, entering strict repository configuration mode!
2021-12-15 15:18:25.512  INFO 15972 --- [restartedMain] .s.d.r.c.RepositoryConfigurationDelegate : Bootstrapping Spring Data JPA repositories in DEFAULT mode.
2021-12-15 15:18:25.525  INFO 15972 --- [restartedMain] .s.d.r.c.RepositoryConfigurationDelegate : Finished Spring Data repository scanning in 12 ms. Found 5 JPA repository interfaces.
2021-12-15 15:18:25.618  INFO 15972 --- [restartedMain] o.s.b.w.embedded.tomcat.TomcatWebServer  : Tomcat initialized with port(s): 8200 (http)
2021-12-15 15:18:25.619  INFO 15972 --- [restartedMain] o.apache.catalina.core.StandardService   : Starting service [Tomcat]
2021-12-15 15:18:25.619  INFO 15972 --- [restartedMain] org.apache.catalina.core.StandardEngine  : Starting Servlet engine: [Apache Tomcat/9.0.55]
2021-12-15 15:18:25.650  INFO 15972 --- [restartedMain] o.a.c.c.C.[Tomcat].[localhost].[/]       : Initializing Spring embedded WebApplicationContext
2021-12-15 15:18:25.651  INFO 15972 --- [restartedMain] w.s.c.ServletWebServerApplicationContext : Root WebApplicationContext: initialization completed in 591 ms
2021-12-15 15:18:25.698  INFO 15972 --- [restartedMain] com.zaxxer.hikari.HikariDataSource       : HikariPool-7 - Starting...
2021-12-15 15:18:25.720  INFO 15972 --- [restartedMain] com.zaxxer.hikari.HikariDataSource       : HikariPool-7 - Start completed.
2021-12-15 15:18:25.726  INFO 15972 --- [restartedMain] o.hibernate.jpa.internal.util.LogHelper  : HHH000204: Processing PersistenceUnitInfo [name: default]
2021-12-15 15:18:25.730  INFO 15972 --- [restartedMain] org.hibernate.dialect.Dialect            : HHH000400: Using dialect: org.hibernate.dialect.MySQLDialect
2021-12-15 15:18:25.866  INFO 15972 --- [restartedMain] o.h.e.t.j.p.i.JtaPlatformInitiator       : HHH000490: Using JtaPlatform implementation: [org.hibernate.engine.transaction.jta.platform.internal.NoJtaPlatform]
2021-12-15 15:18:25.866  INFO 15972 --- [restartedMain] j.LocalContainerEntityManagerFactoryBean : Initialized JPA EntityManagerFactory for persistence unit 'default'
2021-12-15 15:18:26.065  WARN 15972 --- [restartedMain] c.n.c.sources.URLConfigurationSource     : No URLs will be polled as dynamic configuration sources.
2021-12-15 15:18:26.065  INFO 15972 --- [restartedMain] c.n.c.sources.URLConfigurationSource     : To enable URLs as dynamic configuration sources, define System property archaius.configurationSource.additionalUrls or make config.properties available on classpath.
2021-12-15 15:18:26.081  WARN 15972 --- [restartedMain] JpaBaseConfiguration$JpaWebConfiguration : spring.jpa.open-in-view is enabled by default. Therefore, database queries may be performed during view rendering. Explicitly configure spring.jpa.open-in-view to disable this warning
2021-12-15 15:18:26.227  WARN 15972 --- [restartedMain] o.s.data.convert.CustomConversions       : Registering converter from class java.time.OffsetDateTime to class org.springframework.data.jdbc.core.convert.JdbcValue as writing converter although it doesn't convert to a store-supported type! You might want to check your annotation setup at the converter implementation.
2021-12-15 15:18:26.317  INFO 15972 --- [restartedMain] o.s.b.d.a.OptionalLiveReloadServer       : LiveReload server is running on port 35729
2021-12-15 15:18:26.335  INFO 15972 --- [restartedMain] o.s.b.w.embedded.tomcat.TomcatWebServer  : Tomcat started on port(s): 8200 (http) with context path ''
2021-12-15 15:18:26.341  INFO 15972 --- [restartedMain] io.dev.employees.EmployeesApplication    : Started EmployeesApplication in 1.309 seconds (JVM running for 15534.521)
2021-12-15 15:18:26.342  INFO 15972 --- [restartedMain] .ConditionEvaluationDeltaLoggingListener : Condition evaluation unchanged
2021-12-15 15:18:28.785  INFO 15972 --- [Thread-27] j.LocalContainerEntityManagerFactoryBean : Closing JPA EntityManagerFactory for persistence unit 'default'
2021-12-15 15:18:28.786  INFO 15972 --- [Thread-27] com.zaxxer.hikari.HikariDataSource       : HikariPool-7 - Shutdown initiated...
2021-12-15 15:18:28.789  INFO 15972 --- [Thread-27] com.zaxxer.hikari.HikariDataSource       : HikariPool-7 - Shutdown completed.
2021-12-15 15:18:28.936  INFO 15972 --- [restartedMain] io.dev.employees.EmployeesApplication    : Starting EmployeesApplication using Java 17.0.1 on DESKTOP-JAUK4AF with PID 15972 (D:\spring\dsp\untitled\employees\target\classes started by TuNguyen in D:\spring\dsp\untitled)
2021-12-15 15:18:28.936  INFO 15972 --- [restartedMain] io.dev.employees.EmployeesApplication    : No active profile set, falling back to default profiles: default
2021-12-15 15:18:29.363  INFO 15972 --- [restartedMain] .s.d.r.c.RepositoryConfigurationDelegate : Multiple Spring Data modules found, entering strict repository configuration mode!
2021-12-15 15:18:29.363  INFO 15972 --- [restartedMain] .s.d.r.c.RepositoryConfigurationDelegate : Bootstrapping Spring Data JDBC repositories in DEFAULT mode.
2021-12-15 15:18:29.368  INFO 15972 --- [restartedMain] .RepositoryConfigurationExtensionSupport : Spring Data JDBC - Could not safely identify store assignment for repository candidate interface io.dev.employees.respository.DepartmentsRepo. If you want this repository to be a JDBC repository, consider annotating your entities with one of these annotations: org.springframework.data.relational.core.mapping.Table.
2021-12-15 15:18:29.369  INFO 15972 --- [restartedMain] .RepositoryConfigurationExtensionSupport : Spring Data JDBC - Could not safely identify store assignment for repository candidate interface io.dev.employees.respository.EmployeeRepo. If you want this repository to be a JDBC repository, consider annotating your entities with one of these annotations: org.springframework.data.relational.core.mapping.Table.
2021-12-15 15:18:29.370  INFO 15972 --- [restartedMain] .RepositoryConfigurationExtensionSupport : Spring Data JDBC - Could not safely identify store assignment for repository candidate interface io.dev.employees.respository.JobsRepo. If you want this repository to be a JDBC repository, consider annotating your entities with one of these annotations: org.springframework.data.relational.core.mapping.Table.
2021-12-15 15:18:29.370  INFO 15972 --- [restartedMain] .RepositoryConfigurationExtensionSupport : Spring Data JDBC - Could not safely identify store assignment for repository candidate interface io.dev.employees.respository.RoleRepo. If you want this repository to be a JDBC repository, consider annotating your entities with one of these annotations: org.springframework.data.relational.core.mapping.Table.
2021-12-15 15:18:29.371  INFO 15972 --- [restartedMain] .RepositoryConfigurationExtensionSupport : Spring Data JDBC - Could not safely identify store assignment for repository candidate interface io.dev.employees.respository.UserRepo. If you want this repository to be a JDBC repository, consider annotating your entities with one of these annotations: org.springframework.data.relational.core.mapping.Table.
2021-12-15 15:18:29.371  INFO 15972 --- [restartedMain] .s.d.r.c.RepositoryConfigurationDelegate : Finished Spring Data repository scanning in 7 ms. Found 0 JDBC repository interfaces.
2021-12-15 15:18:29.377  INFO 15972 --- [restartedMain] .s.d.r.c.RepositoryConfigurationDelegate : Multiple Spring Data modules found, entering strict repository configuration mode!
2021-12-15 15:18:29.377  INFO 15972 --- [restartedMain] .s.d.r.c.RepositoryConfigurationDelegate : Bootstrapping Spring Data JPA repositories in DEFAULT mode.
2021-12-15 15:18:29.387  INFO 15972 --- [restartedMain] .s.d.r.c.RepositoryConfigurationDelegate : Finished Spring Data repository scanning in 10 ms. Found 5 JPA repository interfaces.
2021-12-15 15:18:29.518  INFO 15972 --- [restartedMain] o.s.b.w.embedded.tomcat.TomcatWebServer  : Tomcat initialized with port(s): 8200 (http)
2021-12-15 15:18:29.519  INFO 15972 --- [restartedMain] o.apache.catalina.core.StandardService   : Starting service [Tomcat]
2021-12-15 15:18:29.519  INFO 15972 --- [restartedMain] org.apache.catalina.core.StandardEngine  : Starting Servlet engine: [Apache Tomcat/9.0.55]
2021-12-15 15:18:29.546  INFO 15972 --- [restartedMain] o.a.c.c.C.[Tomcat].[localhost].[/]       : Initializing Spring embedded WebApplicationContext
2021-12-15 15:18:29.547  INFO 15972 --- [restartedMain] w.s.c.ServletWebServerApplicationContext : Root WebApplicationContext: initialization completed in 600 ms
2021-12-15 15:18:29.581  INFO 15972 --- [restartedMain] com.zaxxer.hikari.HikariDataSource       : HikariPool-8 - Starting...
2021-12-15 15:18:29.604  INFO 15972 --- [restartedMain] com.zaxxer.hikari.HikariDataSource       : HikariPool-8 - Start completed.
2021-12-15 15:18:29.609  INFO 15972 --- [restartedMain] o.hibernate.jpa.internal.util.LogHelper  : HHH000204: Processing PersistenceUnitInfo [name: default]
2021-12-15 15:18:29.613  INFO 15972 --- [restartedMain] org.hibernate.dialect.Dialect            : HHH000400: Using dialect: org.hibernate.dialect.MySQLDialect
2021-12-15 15:18:29.686  INFO 15972 --- [restartedMain] o.h.e.t.j.p.i.JtaPlatformInitiator       : HHH000490: Using JtaPlatform implementation: [org.hibernate.engine.transaction.jta.platform.internal.NoJtaPlatform]
2021-12-15 15:18:29.686  INFO 15972 --- [restartedMain] j.LocalContainerEntityManagerFactoryBean : Initialized JPA EntityManagerFactory for persistence unit 'default'
2021-12-15 15:18:30.050  WARN 15972 --- [restartedMain] c.n.c.sources.URLConfigurationSource     : No URLs will be polled as dynamic configuration sources.
2021-12-15 15:18:30.050  INFO 15972 --- [restartedMain] c.n.c.sources.URLConfigurationSource     : To enable URLs as dynamic configuration sources, define System property archaius.configurationSource.additionalUrls or make config.properties available on classpath.
2021-12-15 15:18:30.067  WARN 15972 --- [restartedMain] JpaBaseConfiguration$JpaWebConfiguration : spring.jpa.open-in-view is enabled by default. Therefore, database queries may be performed during view rendering. Explicitly configure spring.jpa.open-in-view to disable this warning
2021-12-15 15:18:30.157  WARN 15972 --- [restartedMain] o.s.data.convert.CustomConversions       : Registering converter from class java.time.OffsetDateTime to class org.springframework.data.jdbc.core.convert.JdbcValue as writing converter although it doesn't convert to a store-supported type! You might want to check your annotation setup at the converter implementation.
2021-12-15 15:18:30.208  INFO 15972 --- [restartedMain] o.s.b.d.a.OptionalLiveReloadServer       : LiveReload server is running on port 35729
2021-12-15 15:18:30.217  INFO 15972 --- [restartedMain] o.s.b.w.embedded.tomcat.TomcatWebServer  : Tomcat started on port(s): 8200 (http) with context path ''
2021-12-15 15:18:30.220  INFO 15972 --- [restartedMain] io.dev.employees.EmployeesApplication    : Started EmployeesApplication in 1.374 seconds (JVM running for 15538.4)
2021-12-15 15:18:30.221  INFO 15972 --- [restartedMain] .ConditionEvaluationDeltaLoggingListener : Condition evaluation unchanged
2021-12-15 15:18:31.794  INFO 15972 --- [Thread-31] j.LocalContainerEntityManagerFactoryBean : Closing JPA EntityManagerFactory for persistence unit 'default'
2021-12-15 15:18:31.795  INFO 15972 --- [Thread-31] com.zaxxer.hikari.HikariDataSource       : HikariPool-8 - Shutdown initiated...
2021-12-15 15:18:31.833  INFO 15972 --- [Thread-31] com.zaxxer.hikari.HikariDataSource       : HikariPool-8 - Shutdown completed.
2021-12-15 15:18:31.920  INFO 15972 --- [restartedMain] io.dev.employees.EmployeesApplication    : Starting EmployeesApplication using Java 17.0.1 on DESKTOP-JAUK4AF with PID 15972 (D:\spring\dsp\untitled\employees\target\classes started by TuNguyen in D:\spring\dsp\untitled)
2021-12-15 15:18:31.921  INFO 15972 --- [restartedMain] io.dev.employees.EmployeesApplication    : No active profile set, falling back to default profiles: default
2021-12-15 15:18:32.088  INFO 15972 --- [restartedMain] .s.d.r.c.RepositoryConfigurationDelegate : Multiple Spring Data modules found, entering strict repository configuration mode!
2021-12-15 15:18:32.088  INFO 15972 --- [restartedMain] .s.d.r.c.RepositoryConfigurationDelegate : Bootstrapping Spring Data JDBC repositories in DEFAULT mode.
2021-12-15 15:18:32.097  INFO 15972 --- [restartedMain] .RepositoryConfigurationExtensionSupport : Spring Data JDBC - Could not safely identify store assignment for repository candidate interface io.dev.employees.respository.DepartmentsRepo. If you want this repository to be a JDBC repository, consider annotating your entities with one of these annotations: org.springframework.data.relational.core.mapping.Table.
2021-12-15 15:18:32.098  INFO 15972 --- [restartedMain] .RepositoryConfigurationExtensionSupport : Spring Data JDBC - Could not safely identify store assignment for repository candidate interface io.dev.employees.respository.EmployeeRepo. If you want this repository to be a JDBC repository, consider annotating your entities with one of these annotations: org.springframework.data.relational.core.mapping.Table.
2021-12-15 15:18:32.098  INFO 15972 --- [restartedMain] .RepositoryConfigurationExtensionSupport : Spring Data JDBC - Could not safely identify store assignment for repository candidate interface io.dev.employees.respository.JobsRepo. If you want this repository to be a JDBC repository, consider annotating your entities with one of these annotations: org.springframework.data.relational.core.mapping.Table.
2021-12-15 15:18:32.099  INFO 15972 --- [restartedMain] .RepositoryConfigurationExtensionSupport : Spring Data JDBC - Could not safely identify store assignment for repository candidate interface io.dev.employees.respository.RoleRepo. If you want this repository to be a JDBC repository, consider annotating your entities with one of these annotations: org.springframework.data.relational.core.mapping.Table.
2021-12-15 15:18:32.100  INFO 15972 --- [restartedMain] .RepositoryConfigurationExtensionSupport : Spring Data JDBC - Could not safely identify store assignment for repository candidate interface io.dev.employees.respository.UserRepo. If you want this repository to be a JDBC repository, consider annotating your entities with one of these annotations: org.springframework.data.relational.core.mapping.Table.
2021-12-15 15:18:32.100  INFO 15972 --- [restartedMain] .s.d.r.c.RepositoryConfigurationDelegate : Finished Spring Data repository scanning in 12 ms. Found 0 JDBC repository interfaces.
2021-12-15 15:18:32.102  INFO 15972 --- [restartedMain] .s.d.r.c.RepositoryConfigurationDelegate : Multiple Spring Data modules found, entering strict repository configuration mode!
2021-12-15 15:18:32.102  INFO 15972 --- [restartedMain] .s.d.r.c.RepositoryConfigurationDelegate : Bootstrapping Spring Data JPA repositories in DEFAULT mode.
2021-12-15 15:18:32.115  INFO 15972 --- [restartedMain] .s.d.r.c.RepositoryConfigurationDelegate : Finished Spring Data repository scanning in 12 ms. Found 5 JPA repository interfaces.
2021-12-15 15:18:32.214  INFO 15972 --- [restartedMain] o.s.b.w.embedded.tomcat.TomcatWebServer  : Tomcat initialized with port(s): 8200 (http)
2021-12-15 15:18:32.214  INFO 15972 --- [restartedMain] o.apache.catalina.core.StandardService   : Starting service [Tomcat]
2021-12-15 15:18:32.214  INFO 15972 --- [restartedMain] org.apache.catalina.core.StandardEngine  : Starting Servlet engine: [Apache Tomcat/9.0.55]
2021-12-15 15:18:32.235  INFO 15972 --- [restartedMain] o.a.c.c.C.[Tomcat].[localhost].[/]       : Initializing Spring embedded WebApplicationContext
2021-12-15 15:18:32.235  INFO 15972 --- [restartedMain] w.s.c.ServletWebServerApplicationContext : Root WebApplicationContext: initialization completed in 313 ms
2021-12-15 15:18:32.263  INFO 15972 --- [restartedMain] com.zaxxer.hikari.HikariDataSource       : HikariPool-9 - Starting...
2021-12-15 15:18:32.284  INFO 15972 --- [restartedMain] com.zaxxer.hikari.HikariDataSource       : HikariPool-9 - Start completed.
2021-12-15 15:18:32.286  INFO 15972 --- [restartedMain] o.hibernate.jpa.internal.util.LogHelper  : HHH000204: Processing PersistenceUnitInfo [name: default]
2021-12-15 15:18:32.292  INFO 15972 --- [restartedMain] org.hibernate.dialect.Dialect            : HHH000400: Using dialect: org.hibernate.dialect.MySQLDialect
2021-12-15 15:18:32.355  INFO 15972 --- [restartedMain] o.h.e.t.j.p.i.JtaPlatformInitiator       : HHH000490: Using JtaPlatform implementation: [org.hibernate.engine.transaction.jta.platform.internal.NoJtaPlatform]
2021-12-15 15:18:32.355  INFO 15972 --- [restartedMain] j.LocalContainerEntityManagerFactoryBean : Initialized JPA EntityManagerFactory for persistence unit 'default'
2021-12-15 15:18:32.469  WARN 15972 --- [restartedMain] c.n.c.sources.URLConfigurationSource     : No URLs will be polled as dynamic configuration sources.
2021-12-15 15:18:32.469  INFO 15972 --- [restartedMain] c.n.c.sources.URLConfigurationSource     : To enable URLs as dynamic configuration sources, define System property archaius.configurationSource.additionalUrls or make config.properties available on classpath.
2021-12-15 15:18:32.480  WARN 15972 --- [restartedMain] JpaBaseConfiguration$JpaWebConfiguration : spring.jpa.open-in-view is enabled by default. Therefore, database queries may be performed during view rendering. Explicitly configure spring.jpa.open-in-view to disable this warning
2021-12-15 15:18:32.554  WARN 15972 --- [restartedMain] o.s.data.convert.CustomConversions       : Registering converter from class java.time.OffsetDateTime to class org.springframework.data.jdbc.core.convert.JdbcValue as writing converter although it doesn't convert to a store-supported type! You might want to check your annotation setup at the converter implementation.
2021-12-15 15:18:32.649  INFO 15972 --- [restartedMain] o.s.b.d.a.OptionalLiveReloadServer       : LiveReload server is running on port 35729
2021-12-15 15:18:32.659  INFO 15972 --- [restartedMain] o.s.b.w.embedded.tomcat.TomcatWebServer  : Tomcat started on port(s): 8200 (http) with context path ''
2021-12-15 15:18:32.663  INFO 15972 --- [restartedMain] io.dev.employees.EmployeesApplication    : Started EmployeesApplication in 0.768 seconds (JVM running for 15540.842)
2021-12-15 15:18:32.663  INFO 15972 --- [restartedMain] .ConditionEvaluationDeltaLoggingListener : Condition evaluation unchanged
2021-12-15 15:18:53.688  INFO 15972 --- [http-nio-8200-exec-1] o.a.c.c.C.[Tomcat].[localhost].[/]       : Initializing Spring DispatcherServlet 'dispatcherServlet'
2021-12-15 15:18:53.688  INFO 15972 --- [http-nio-8200-exec-1] o.s.web.servlet.DispatcherServlet        : Initializing Servlet 'dispatcherServlet'
2021-12-15 15:18:53.689  INFO 15972 --- [http-nio-8200-exec-1] o.s.web.servlet.DispatcherServlet        : Completed initialization in 1 ms
2021-12-15 15:19:42.594  INFO 15040 --- [restartedMain] io.dev.employees.EmployeesApplication    : Starting EmployeesApplication using Java 17.0.1 on DESKTOP-JAUK4AF with PID 15040 (D:\spring\dsp\untitled\employees\target\classes started by TuNguyen in D:\spring\dsp\untitled)
2021-12-15 15:19:42.595  INFO 15040 --- [restartedMain] io.dev.employees.EmployeesApplication    : No active profile set, falling back to default profiles: default
2021-12-15 15:19:42.651  INFO 15040 --- [restartedMain] .e.DevToolsPropertyDefaultsPostProcessor : Devtools property defaults active! Set 'spring.devtools.add-properties' to 'false' to disable
2021-12-15 15:19:42.651  INFO 15040 --- [restartedMain] .e.DevToolsPropertyDefaultsPostProcessor : For additional web related logging consider setting the 'logging.level.web' property to 'DEBUG'
2021-12-15 15:19:43.349  INFO 15040 --- [restartedMain] .s.d.r.c.RepositoryConfigurationDelegate : Multiple Spring Data modules found, entering strict repository configuration mode!
2021-12-15 15:19:43.350  INFO 15040 --- [restartedMain] .s.d.r.c.RepositoryConfigurationDelegate : Bootstrapping Spring Data JDBC repositories in DEFAULT mode.
2021-12-15 15:19:43.378  INFO 15040 --- [restartedMain] .RepositoryConfigurationExtensionSupport : Spring Data JDBC - Could not safely identify store assignment for repository candidate interface io.dev.employees.respository.DepartmentsRepo. If you want this repository to be a JDBC repository, consider annotating your entities with one of these annotations: org.springframework.data.relational.core.mapping.Table.
2021-12-15 15:19:43.386  INFO 15040 --- [restartedMain] .RepositoryConfigurationExtensionSupport : Spring Data JDBC - Could not safely identify store assignment for repository candidate interface io.dev.employees.respository.EmployeeRepo. If you want this repository to be a JDBC repository, consider annotating your entities with one of these annotations: org.springframework.data.relational.core.mapping.Table.
2021-12-15 15:19:43.387  INFO 15040 --- [restartedMain] .RepositoryConfigurationExtensionSupport : Spring Data JDBC - Could not safely identify store assignment for repository candidate interface io.dev.employees.respository.JobsRepo. If you want this repository to be a JDBC repository, consider annotating your entities with one of these annotations: org.springframework.data.relational.core.mapping.Table.
2021-12-15 15:19:43.388  INFO 15040 --- [restartedMain] .RepositoryConfigurationExtensionSupport : Spring Data JDBC - Could not safely identify store assignment for repository candidate interface io.dev.employees.respository.RoleRepo. If you want this repository to be a JDBC repository, consider annotating your entities with one of these annotations: org.springframework.data.relational.core.mapping.Table.
2021-12-15 15:19:43.391  INFO 15040 --- [restartedMain] .RepositoryConfigurationExtensionSupport : Spring Data JDBC - Could not safely identify store assignment for repository candidate interface io.dev.employees.respository.UserRepo. If you want this repository to be a JDBC repository, consider annotating your entities with one of these annotations: org.springframework.data.relational.core.mapping.Table.
2021-12-15 15:19:43.392  INFO 15040 --- [restartedMain] .s.d.r.c.RepositoryConfigurationDelegate : Finished Spring Data repository scanning in 37 ms. Found 0 JDBC repository interfaces.
2021-12-15 15:19:43.398  INFO 15040 --- [restartedMain] .s.d.r.c.RepositoryConfigurationDelegate : Multiple Spring Data modules found, entering strict repository configuration mode!
2021-12-15 15:19:43.399  INFO 15040 --- [restartedMain] .s.d.r.c.RepositoryConfigurationDelegate : Bootstrapping Spring Data JPA repositories in DEFAULT mode.
2021-12-15 15:19:43.442  INFO 15040 --- [restartedMain] .s.d.r.c.RepositoryConfigurationDelegate : Finished Spring Data repository scanning in 38 ms. Found 5 JPA repository interfaces.
2021-12-15 15:19:44.011  INFO 15040 --- [restartedMain] o.s.b.w.embedded.tomcat.TomcatWebServer  : Tomcat initialized with port(s): 8200 (http)
2021-12-15 15:19:44.037  INFO 15040 --- [restartedMain] o.apache.catalina.core.StandardService   : Starting service [Tomcat]
2021-12-15 15:19:44.037  INFO 15040 --- [restartedMain] org.apache.catalina.core.StandardEngine  : Starting Servlet engine: [Apache Tomcat/9.0.55]
2021-12-15 15:19:44.322  INFO 15040 --- [restartedMain] o.a.c.c.C.[Tomcat].[localhost].[/]       : Initializing Spring embedded WebApplicationContext
2021-12-15 15:19:44.323  INFO 15040 --- [restartedMain] w.s.c.ServletWebServerApplicationContext : Root WebApplicationContext: initialization completed in 1671 ms
2021-12-15 15:19:44.550  INFO 15040 --- [restartedMain] com.zaxxer.hikari.HikariDataSource       : HikariPool-1 - Starting...
2021-12-15 15:19:44.856  INFO 15040 --- [restartedMain] com.zaxxer.hikari.HikariDataSource       : HikariPool-1 - Start completed.
2021-12-15 15:19:44.900  INFO 15040 --- [restartedMain] o.hibernate.jpa.internal.util.LogHelper  : HHH000204: Processing PersistenceUnitInfo [name: default]
2021-12-15 15:19:44.944  INFO 15040 --- [restartedMain] org.hibernate.Version                    : HHH000412: Hibernate ORM core version 5.6.1.Final
2021-12-15 15:19:45.087  INFO 15040 --- [restartedMain] o.hibernate.annotations.common.Version   : HCANN000001: Hibernate Commons Annotations {5.1.2.Final}
2021-12-15 15:19:45.200  INFO 15040 --- [restartedMain] org.hibernate.dialect.Dialect            : HHH000400: Using dialect: org.hibernate.dialect.MySQLDialect
2021-12-15 15:19:45.820  INFO 15040 --- [restartedMain] o.h.e.t.j.p.i.JtaPlatformInitiator       : HHH000490: Using JtaPlatform implementation: [org.hibernate.engine.transaction.jta.platform.internal.NoJtaPlatform]
2021-12-15 15:19:45.829  INFO 15040 --- [restartedMain] j.LocalContainerEntityManagerFactoryBean : Initialized JPA EntityManagerFactory for persistence unit 'default'
2021-12-15 15:19:46.219  WARN 15040 --- [restartedMain] c.n.c.sources.URLConfigurationSource     : No URLs will be polled as dynamic configuration sources.
2021-12-15 15:19:46.219  INFO 15040 --- [restartedMain] c.n.c.sources.URLConfigurationSource     : To enable URLs as dynamic configuration sources, define System property archaius.configurationSource.additionalUrls or make config.properties available on classpath.
2021-12-15 15:19:46.222  WARN 15040 --- [restartedMain] c.n.c.sources.URLConfigurationSource     : No URLs will be polled as dynamic configuration sources.
2021-12-15 15:19:46.222  INFO 15040 --- [restartedMain] c.n.c.sources.URLConfigurationSource     : To enable URLs as dynamic configuration sources, define System property archaius.configurationSource.additionalUrls or make config.properties available on classpath.
2021-12-15 15:19:46.270  WARN 15040 --- [restartedMain] JpaBaseConfiguration$JpaWebConfiguration : spring.jpa.open-in-view is enabled by default. Therefore, database queries may be performed during view rendering. Explicitly configure spring.jpa.open-in-view to disable this warning
2021-12-15 15:19:46.568  WARN 15040 --- [restartedMain] o.s.data.convert.CustomConversions       : Registering converter from class java.time.OffsetDateTime to class org.springframework.data.jdbc.core.convert.JdbcValue as writing converter although it doesn't convert to a store-supported type! You might want to check your annotation setup at the converter implementation.
2021-12-15 15:19:46.663  INFO 15040 --- [restartedMain] o.s.b.d.a.OptionalLiveReloadServer       : LiveReload server is running on port 35729
2021-12-15 15:19:46.698  INFO 15040 --- [restartedMain] o.s.b.w.embedded.tomcat.TomcatWebServer  : Tomcat started on port(s): 8200 (http) with context path ''
2021-12-15 15:19:46.706  INFO 15040 --- [restartedMain] io.dev.employees.EmployeesApplication    : Started EmployeesApplication in 4.675 seconds (JVM running for 5.854)
2021-12-15 15:19:51.220  INFO 15040 --- [Thread-5] j.LocalContainerEntityManagerFactoryBean : Closing JPA EntityManagerFactory for persistence unit 'default'
2021-12-15 15:19:51.226  INFO 15040 --- [Thread-5] com.zaxxer.hikari.HikariDataSource       : HikariPool-1 - Shutdown initiated...
2021-12-15 15:19:51.234  INFO 15040 --- [Thread-5] com.zaxxer.hikari.HikariDataSource       : HikariPool-1 - Shutdown completed.
2021-12-15 15:19:51.342  INFO 15040 --- [restartedMain] io.dev.employees.EmployeesApplication    : Starting EmployeesApplication using Java 17.0.1 on DESKTOP-JAUK4AF with PID 15040 (D:\spring\dsp\untitled\employees\target\classes started by TuNguyen in D:\spring\dsp\untitled)
2021-12-15 15:19:51.342  INFO 15040 --- [restartedMain] io.dev.employees.EmployeesApplication    : No active profile set, falling back to default profiles: default
2021-12-15 15:19:51.877  INFO 15040 --- [restartedMain] .s.d.r.c.RepositoryConfigurationDelegate : Multiple Spring Data modules found, entering strict repository configuration mode!
2021-12-15 15:19:51.880  INFO 15040 --- [restartedMain] .s.d.r.c.RepositoryConfigurationDelegate : Bootstrapping Spring Data JDBC repositories in DEFAULT mode.
2021-12-15 15:19:51.970  INFO 15040 --- [restartedMain] .RepositoryConfigurationExtensionSupport : Spring Data JDBC - Could not safely identify store assignment for repository candidate interface io.dev.employees.respository.DepartmentsRepo. If you want this repository to be a JDBC repository, consider annotating your entities with one of these annotations: org.springframework.data.relational.core.mapping.Table.
2021-12-15 15:19:51.982  INFO 15040 --- [restartedMain] .RepositoryConfigurationExtensionSupport : Spring Data JDBC - Could not safely identify store assignment for repository candidate interface io.dev.employees.respository.EmployeeRepo. If you want this repository to be a JDBC repository, consider annotating your entities with one of these annotations: org.springframework.data.relational.core.mapping.Table.
2021-12-15 15:19:51.989  INFO 15040 --- [restartedMain] .RepositoryConfigurationExtensionSupport : Spring Data JDBC - Could not safely identify store assignment for repository candidate interface io.dev.employees.respository.JobsRepo. If you want this repository to be a JDBC repository, consider annotating your entities with one of these annotations: org.springframework.data.relational.core.mapping.Table.
2021-12-15 15:19:51.993  INFO 15040 --- [restartedMain] .RepositoryConfigurationExtensionSupport : Spring Data JDBC - Could not safely identify store assignment for repository candidate interface io.dev.employees.respository.RoleRepo. If you want this repository to be a JDBC repository, consider annotating your entities with one of these annotations: org.springframework.data.relational.core.mapping.Table.
2021-12-15 15:19:51.994  INFO 15040 --- [restartedMain] .RepositoryConfigurationExtensionSupport : Spring Data JDBC - Could not safely identify store assignment for repository candidate interface io.dev.employees.respository.UserRepo. If you want this repository to be a JDBC repository, consider annotating your entities with one of these annotations: org.springframework.data.relational.core.mapping.Table.
2021-12-15 15:19:51.994  INFO 15040 --- [restartedMain] .s.d.r.c.RepositoryConfigurationDelegate : Finished Spring Data repository scanning in 107 ms. Found 0 JDBC repository interfaces.
2021-12-15 15:19:52.005  INFO 15040 --- [restartedMain] .s.d.r.c.RepositoryConfigurationDelegate : Multiple Spring Data modules found, entering strict repository configuration mode!
2021-12-15 15:19:52.005  INFO 15040 --- [restartedMain] .s.d.r.c.RepositoryConfigurationDelegate : Bootstrapping Spring Data JPA repositories in DEFAULT mode.
2021-12-15 15:19:52.045  INFO 15040 --- [restartedMain] .s.d.r.c.RepositoryConfigurationDelegate : Finished Spring Data repository scanning in 38 ms. Found 5 JPA repository interfaces.
2021-12-15 15:19:52.215  INFO 15040 --- [restartedMain] o.s.b.w.embedded.tomcat.TomcatWebServer  : Tomcat initialized with port(s): 8200 (http)
2021-12-15 15:19:52.216  INFO 15040 --- [restartedMain] o.apache.catalina.core.StandardService   : Starting service [Tomcat]
2021-12-15 15:19:52.217  INFO 15040 --- [restartedMain] org.apache.catalina.core.StandardEngine  : Starting Servlet engine: [Apache Tomcat/9.0.55]
2021-12-15 15:19:52.259  INFO 15040 --- [restartedMain] o.a.c.c.C.[Tomcat].[localhost].[/]       : Initializing Spring embedded WebApplicationContext
2021-12-15 15:19:52.259  INFO 15040 --- [restartedMain] w.s.c.ServletWebServerApplicationContext : Root WebApplicationContext: initialization completed in 911 ms
2021-12-15 15:19:52.300  INFO 15040 --- [restartedMain] com.zaxxer.hikari.HikariDataSource       : HikariPool-2 - Starting...
2021-12-15 15:19:52.328  INFO 15040 --- [restartedMain] com.zaxxer.hikari.HikariDataSource       : HikariPool-2 - Start completed.
2021-12-15 15:19:52.331  INFO 15040 --- [restartedMain] o.hibernate.jpa.internal.util.LogHelper  : HHH000204: Processing PersistenceUnitInfo [name: default]
2021-12-15 15:19:52.335  INFO 15040 --- [restartedMain] org.hibernate.dialect.Dialect            : HHH000400: Using dialect: org.hibernate.dialect.MySQLDialect
2021-12-15 15:19:52.434  INFO 15040 --- [restartedMain] o.h.e.t.j.p.i.JtaPlatformInitiator       : HHH000490: Using JtaPlatform implementation: [org.hibernate.engine.transaction.jta.platform.internal.NoJtaPlatform]
2021-12-15 15:19:52.435  INFO 15040 --- [restartedMain] j.LocalContainerEntityManagerFactoryBean : Initialized JPA EntityManagerFactory for persistence unit 'default'
2021-12-15 15:19:52.617  WARN 15040 --- [restartedMain] c.n.c.sources.URLConfigurationSource     : No URLs will be polled as dynamic configuration sources.
2021-12-15 15:19:52.617  INFO 15040 --- [restartedMain] c.n.c.sources.URLConfigurationSource     : To enable URLs as dynamic configuration sources, define System property archaius.configurationSource.additionalUrls or make config.properties available on classpath.
2021-12-15 15:19:52.631  WARN 15040 --- [restartedMain] JpaBaseConfiguration$JpaWebConfiguration : spring.jpa.open-in-view is enabled by default. Therefore, database queries may be performed during view rendering. Explicitly configure spring.jpa.open-in-view to disable this warning
2021-12-15 15:19:52.746  WARN 15040 --- [restartedMain] o.s.data.convert.CustomConversions       : Registering converter from class java.time.OffsetDateTime to class org.springframework.data.jdbc.core.convert.JdbcValue as writing converter although it doesn't convert to a store-supported type! You might want to check your annotation setup at the converter implementation.
2021-12-15 15:19:52.843  INFO 15040 --- [restartedMain] o.s.b.d.a.OptionalLiveReloadServer       : LiveReload server is running on port 35729
2021-12-15 15:19:52.861  INFO 15040 --- [restartedMain] o.s.b.w.embedded.tomcat.TomcatWebServer  : Tomcat started on port(s): 8200 (http) with context path ''
2021-12-15 15:19:52.885  INFO 15040 --- [restartedMain] io.dev.employees.EmployeesApplication    : Started EmployeesApplication in 1.59 seconds (JVM running for 12.032)
2021-12-15 15:19:52.889  INFO 15040 --- [restartedMain] .ConditionEvaluationDeltaLoggingListener : Condition evaluation unchanged
2021-12-15 15:19:54.300  INFO 15040 --- [Thread-7] j.LocalContainerEntityManagerFactoryBean : Closing JPA EntityManagerFactory for persistence unit 'default'
2021-12-15 15:19:54.301  INFO 15040 --- [Thread-7] com.zaxxer.hikari.HikariDataSource       : HikariPool-2 - Shutdown initiated...
2021-12-15 15:19:54.352  INFO 15040 --- [Thread-7] com.zaxxer.hikari.HikariDataSource       : HikariPool-2 - Shutdown completed.
2021-12-15 15:19:54.484  INFO 15040 --- [restartedMain] io.dev.employees.EmployeesApplication    : Starting EmployeesApplication using Java 17.0.1 on DESKTOP-JAUK4AF with PID 15040 (D:\spring\dsp\untitled\employees\target\classes started by TuNguyen in D:\spring\dsp\untitled)
2021-12-15 15:19:54.484  INFO 15040 --- [restartedMain] io.dev.employees.EmployeesApplication    : No active profile set, falling back to default profiles: default
2021-12-15 15:19:54.888  INFO 15040 --- [restartedMain] .s.d.r.c.RepositoryConfigurationDelegate : Multiple Spring Data modules found, entering strict repository configuration mode!
2021-12-15 15:19:54.888  INFO 15040 --- [restartedMain] .s.d.r.c.RepositoryConfigurationDelegate : Bootstrapping Spring Data JDBC repositories in DEFAULT mode.
2021-12-15 15:19:54.896  INFO 15040 --- [restartedMain] .RepositoryConfigurationExtensionSupport : Spring Data JDBC - Could not safely identify store assignment for repository candidate interface io.dev.employees.respository.DepartmentsRepo. If you want this repository to be a JDBC repository, consider annotating your entities with one of these annotations: org.springframework.data.relational.core.mapping.Table.
2021-12-15 15:19:54.897  INFO 15040 --- [restartedMain] .RepositoryConfigurationExtensionSupport : Spring Data JDBC - Could not safely identify store assignment for repository candidate interface io.dev.employees.respository.EmployeeRepo. If you want this repository to be a JDBC repository, consider annotating your entities with one of these annotations: org.springframework.data.relational.core.mapping.Table.
2021-12-15 15:19:54.898  INFO 15040 --- [restartedMain] .RepositoryConfigurationExtensionSupport : Spring Data JDBC - Could not safely identify store assignment for repository candidate interface io.dev.employees.respository.JobsRepo. If you want this repository to be a JDBC repository, consider annotating your entities with one of these annotations: org.springframework.data.relational.core.mapping.Table.
2021-12-15 15:19:54.899  INFO 15040 --- [restartedMain] .RepositoryConfigurationExtensionSupport : Spring Data JDBC - Could not safely identify store assignment for repository candidate interface io.dev.employees.respository.RoleRepo. If you want this repository to be a JDBC repository, consider annotating your entities with one of these annotations: org.springframework.data.relational.core.mapping.Table.
2021-12-15 15:19:54.900  INFO 15040 --- [restartedMain] .RepositoryConfigurationExtensionSupport : Spring Data JDBC - Could not safely identify store assignment for repository candidate interface io.dev.employees.respository.UserRepo. If you want this repository to be a JDBC repository, consider annotating your entities with one of these annotations: org.springframework.data.relational.core.mapping.Table.
2021-12-15 15:19:54.900  INFO 15040 --- [restartedMain] .s.d.r.c.RepositoryConfigurationDelegate : Finished Spring Data repository scanning in 11 ms. Found 0 JDBC repository interfaces.
2021-12-15 15:19:54.903  INFO 15040 --- [restartedMain] .s.d.r.c.RepositoryConfigurationDelegate : Multiple Spring Data modules found, entering strict repository configuration mode!
2021-12-15 15:19:54.904  INFO 15040 --- [restartedMain] .s.d.r.c.RepositoryConfigurationDelegate : Bootstrapping Spring Data JPA repositories in DEFAULT mode.
2021-12-15 15:19:54.916  INFO 15040 --- [restartedMain] .s.d.r.c.RepositoryConfigurationDelegate : Finished Spring Data repository scanning in 12 ms. Found 5 JPA repository interfaces.
2021-12-15 15:19:55.015  INFO 15040 --- [restartedMain] o.s.b.w.embedded.tomcat.TomcatWebServer  : Tomcat initialized with port(s): 8200 (http)
2021-12-15 15:19:55.015  INFO 15040 --- [restartedMain] o.apache.catalina.core.StandardService   : Starting service [Tomcat]
2021-12-15 15:19:55.015  INFO 15040 --- [restartedMain] org.apache.catalina.core.StandardEngine  : Starting Servlet engine: [Apache Tomcat/9.0.55]
2021-12-15 15:19:55.038  INFO 15040 --- [restartedMain] o.a.c.c.C.[Tomcat].[localhost].[/]       : Initializing Spring embedded WebApplicationContext
2021-12-15 15:19:55.038  INFO 15040 --- [restartedMain] w.s.c.ServletWebServerApplicationContext : Root WebApplicationContext: initialization completed in 551 ms
2021-12-15 15:19:55.068  INFO 15040 --- [restartedMain] com.zaxxer.hikari.HikariDataSource       : HikariPool-3 - Starting...
2021-12-15 15:19:55.096  INFO 15040 --- [restartedMain] com.zaxxer.hikari.HikariDataSource       : HikariPool-3 - Start completed.
2021-12-15 15:19:55.101  INFO 15040 --- [restartedMain] o.hibernate.jpa.internal.util.LogHelper  : HHH000204: Processing PersistenceUnitInfo [name: default]
2021-12-15 15:19:55.106  INFO 15040 --- [restartedMain] org.hibernate.dialect.Dialect            : HHH000400: Using dialect: org.hibernate.dialect.MySQLDialect
2021-12-15 15:19:55.194  INFO 15040 --- [restartedMain] o.h.e.t.j.p.i.JtaPlatformInitiator       : HHH000490: Using JtaPlatform implementation: [org.hibernate.engine.transaction.jta.platform.internal.NoJtaPlatform]
2021-12-15 15:19:55.194  INFO 15040 --- [restartedMain] j.LocalContainerEntityManagerFactoryBean : Initialized JPA EntityManagerFactory for persistence unit 'default'
2021-12-15 15:19:55.420  WARN 15040 --- [restartedMain] c.n.c.sources.URLConfigurationSource     : No URLs will be polled as dynamic configuration sources.
2021-12-15 15:19:55.420  INFO 15040 --- [restartedMain] c.n.c.sources.URLConfigurationSource     : To enable URLs as dynamic configuration sources, define System property archaius.configurationSource.additionalUrls or make config.properties available on classpath.
2021-12-15 15:19:55.438  WARN 15040 --- [restartedMain] JpaBaseConfiguration$JpaWebConfiguration : spring.jpa.open-in-view is enabled by default. Therefore, database queries may be performed during view rendering. Explicitly configure spring.jpa.open-in-view to disable this warning
2021-12-15 15:19:55.564  WARN 15040 --- [restartedMain] o.s.data.convert.CustomConversions       : Registering converter from class java.time.OffsetDateTime to class org.springframework.data.jdbc.core.convert.JdbcValue as writing converter although it doesn't convert to a store-supported type! You might want to check your annotation setup at the converter implementation.
2021-12-15 15:19:55.627  INFO 15040 --- [restartedMain] o.s.b.d.a.OptionalLiveReloadServer       : LiveReload server is running on port 35729
2021-12-15 15:19:55.639  INFO 15040 --- [restartedMain] o.s.b.w.embedded.tomcat.TomcatWebServer  : Tomcat started on port(s): 8200 (http) with context path ''
2021-12-15 15:19:55.646  INFO 15040 --- [restartedMain] io.dev.employees.EmployeesApplication    : Started EmployeesApplication in 1.211 seconds (JVM running for 14.793)
2021-12-15 15:19:55.648  INFO 15040 --- [restartedMain] .ConditionEvaluationDeltaLoggingListener : Condition evaluation unchanged
2021-12-15 15:19:58.199  INFO 15040 --- [http-nio-8200-exec-1] o.a.c.c.C.[Tomcat].[localhost].[/]       : Initializing Spring DispatcherServlet 'dispatcherServlet'
2021-12-15 15:19:58.199  INFO 15040 --- [http-nio-8200-exec-1] o.s.web.servlet.DispatcherServlet        : Initializing Servlet 'dispatcherServlet'
2021-12-15 15:19:58.200  INFO 15040 --- [http-nio-8200-exec-1] o.s.web.servlet.DispatcherServlet        : Completed initialization in 1 ms
2021-12-15 15:20:30.481  INFO 548 --- [restartedMain] io.dev.employees.EmployeesApplication    : Starting EmployeesApplication using Java 17.0.1 on DESKTOP-JAUK4AF with PID 548 (D:\spring\dsp\untitled\employees\target\classes started by TuNguyen in D:\spring\dsp\untitled)
2021-12-15 15:20:30.484  INFO 548 --- [restartedMain] io.dev.employees.EmployeesApplication    : No active profile set, falling back to default profiles: default
2021-12-15 15:20:30.546  INFO 548 --- [restartedMain] .e.DevToolsPropertyDefaultsPostProcessor : Devtools property defaults active! Set 'spring.devtools.add-properties' to 'false' to disable
2021-12-15 15:20:30.547  INFO 548 --- [restartedMain] .e.DevToolsPropertyDefaultsPostProcessor : For additional web related logging consider setting the 'logging.level.web' property to 'DEBUG'
2021-12-15 15:20:31.415  INFO 548 --- [restartedMain] .s.d.r.c.RepositoryConfigurationDelegate : Multiple Spring Data modules found, entering strict repository configuration mode!
2021-12-15 15:20:31.416  INFO 548 --- [restartedMain] .s.d.r.c.RepositoryConfigurationDelegate : Bootstrapping Spring Data JDBC repositories in DEFAULT mode.
2021-12-15 15:20:31.447  INFO 548 --- [restartedMain] .RepositoryConfigurationExtensionSupport : Spring Data JDBC - Could not safely identify store assignment for repository candidate interface io.dev.employees.respository.DepartmentsRepo. If you want this repository to be a JDBC repository, consider annotating your entities with one of these annotations: org.springframework.data.relational.core.mapping.Table.
2021-12-15 15:20:31.448  INFO 548 --- [restartedMain] .RepositoryConfigurationExtensionSupport : Spring Data JDBC - Could not safely identify store assignment for repository candidate interface io.dev.employees.respository.EmployeeRepo. If you want this repository to be a JDBC repository, consider annotating your entities with one of these annotations: org.springframework.data.relational.core.mapping.Table.
2021-12-15 15:20:31.450  INFO 548 --- [restartedMain] .RepositoryConfigurationExtensionSupport : Spring Data JDBC - Could not safely identify store assignment for repository candidate interface io.dev.employees.respository.JobsRepo. If you want this repository to be a JDBC repository, consider annotating your entities with one of these annotations: org.springframework.data.relational.core.mapping.Table.
2021-12-15 15:20:31.451  INFO 548 --- [restartedMain] .RepositoryConfigurationExtensionSupport : Spring Data JDBC - Could not safely identify store assignment for repository candidate interface io.dev.employees.respository.RoleRepo. If you want this repository to be a JDBC repository, consider annotating your entities with one of these annotations: org.springframework.data.relational.core.mapping.Table.
2021-12-15 15:20:31.452  INFO 548 --- [restartedMain] .RepositoryConfigurationExtensionSupport : Spring Data JDBC - Could not safely identify store assignment for repository candidate interface io.dev.employees.respository.UserRepo. If you want this repository to be a JDBC repository, consider annotating your entities with one of these annotations: org.springframework.data.relational.core.mapping.Table.
2021-12-15 15:20:31.453  INFO 548 --- [restartedMain] .s.d.r.c.RepositoryConfigurationDelegate : Finished Spring Data repository scanning in 34 ms. Found 0 JDBC repository interfaces.
2021-12-15 15:20:31.465  INFO 548 --- [restartedMain] .s.d.r.c.RepositoryConfigurationDelegate : Multiple Spring Data modules found, entering strict repository configuration mode!
2021-12-15 15:20:31.465  INFO 548 --- [restartedMain] .s.d.r.c.RepositoryConfigurationDelegate : Bootstrapping Spring Data JPA repositories in DEFAULT mode.
2021-12-15 15:20:31.520  INFO 548 --- [restartedMain] .s.d.r.c.RepositoryConfigurationDelegate : Finished Spring Data repository scanning in 50 ms. Found 5 JPA repository interfaces.
2021-12-15 15:20:32.202  INFO 548 --- [restartedMain] o.s.b.w.embedded.tomcat.TomcatWebServer  : Tomcat initialized with port(s): 8200 (http)
2021-12-15 15:20:32.212  INFO 548 --- [restartedMain] o.apache.catalina.core.StandardService   : Starting service [Tomcat]
2021-12-15 15:20:32.213  INFO 548 --- [restartedMain] org.apache.catalina.core.StandardEngine  : Starting Servlet engine: [Apache Tomcat/9.0.55]
2021-12-15 15:20:32.312  INFO 548 --- [restartedMain] o.a.c.c.C.[Tomcat].[localhost].[/]       : Initializing Spring embedded WebApplicationContext
2021-12-15 15:20:32.313  INFO 548 --- [restartedMain] w.s.c.ServletWebServerApplicationContext : Root WebApplicationContext: initialization completed in 1765 ms
2021-12-15 15:20:32.484  INFO 548 --- [restartedMain] com.zaxxer.hikari.HikariDataSource       : HikariPool-1 - Starting...
2021-12-15 15:20:32.865  INFO 548 --- [restartedMain] com.zaxxer.hikari.HikariDataSource       : HikariPool-1 - Start completed.
2021-12-15 15:20:32.909  INFO 548 --- [restartedMain] o.hibernate.jpa.internal.util.LogHelper  : HHH000204: Processing PersistenceUnitInfo [name: default]
2021-12-15 15:20:32.956  INFO 548 --- [restartedMain] org.hibernate.Version                    : HHH000412: Hibernate ORM core version 5.6.1.Final
2021-12-15 15:20:33.147  INFO 548 --- [restartedMain] o.hibernate.annotations.common.Version   : HCANN000001: Hibernate Commons Annotations {5.1.2.Final}
2021-12-15 15:20:33.265  INFO 548 --- [restartedMain] org.hibernate.dialect.Dialect            : HHH000400: Using dialect: org.hibernate.dialect.MySQLDialect
2021-12-15 15:20:33.802  INFO 548 --- [restartedMain] o.h.e.t.j.p.i.JtaPlatformInitiator       : HHH000490: Using JtaPlatform implementation: [org.hibernate.engine.transaction.jta.platform.internal.NoJtaPlatform]
2021-12-15 15:20:33.810  INFO 548 --- [restartedMain] j.LocalContainerEntityManagerFactoryBean : Initialized JPA EntityManagerFactory for persistence unit 'default'
2021-12-15 15:20:34.183  WARN 548 --- [restartedMain] c.n.c.sources.URLConfigurationSource     : No URLs will be polled as dynamic configuration sources.
2021-12-15 15:20:34.183  INFO 548 --- [restartedMain] c.n.c.sources.URLConfigurationSource     : To enable URLs as dynamic configuration sources, define System property archaius.configurationSource.additionalUrls or make config.properties available on classpath.
2021-12-15 15:20:34.186  WARN 548 --- [restartedMain] c.n.c.sources.URLConfigurationSource     : No URLs will be polled as dynamic configuration sources.
2021-12-15 15:20:34.186  INFO 548 --- [restartedMain] c.n.c.sources.URLConfigurationSource     : To enable URLs as dynamic configuration sources, define System property archaius.configurationSource.additionalUrls or make config.properties available on classpath.
2021-12-15 15:20:34.226  WARN 548 --- [restartedMain] JpaBaseConfiguration$JpaWebConfiguration : spring.jpa.open-in-view is enabled by default. Therefore, database queries may be performed during view rendering. Explicitly configure spring.jpa.open-in-view to disable this warning
2021-12-15 15:20:34.504  WARN 548 --- [restartedMain] o.s.data.convert.CustomConversions       : Registering converter from class java.time.OffsetDateTime to class org.springframework.data.jdbc.core.convert.JdbcValue as writing converter although it doesn't convert to a store-supported type! You might want to check your annotation setup at the converter implementation.
2021-12-15 15:20:34.600  INFO 548 --- [restartedMain] o.s.b.d.a.OptionalLiveReloadServer       : LiveReload server is running on port 35729
2021-12-15 15:20:34.635  INFO 548 --- [restartedMain] o.s.b.w.embedded.tomcat.TomcatWebServer  : Tomcat started on port(s): 8200 (http) with context path ''
2021-12-15 15:20:34.646  INFO 548 --- [restartedMain] io.dev.employees.EmployeesApplication    : Started EmployeesApplication in 4.669 seconds (JVM running for 5.699)
2021-12-15 15:21:08.276  INFO 548 --- [http-nio-8200-exec-3] o.a.c.c.C.[Tomcat].[localhost].[/]       : Initializing Spring DispatcherServlet 'dispatcherServlet'
2021-12-15 15:21:08.277  INFO 548 --- [http-nio-8200-exec-3] o.s.web.servlet.DispatcherServlet        : Initializing Servlet 'dispatcherServlet'
2021-12-15 15:21:08.279  INFO 548 --- [http-nio-8200-exec-3] o.s.web.servlet.DispatcherServlet        : Completed initialization in 2 ms
